running egg_info
writing ../../build/robot_startup/robot_startup.egg-info/PKG-INFO
writing dependency_links to ../../build/robot_startup/robot_startup.egg-info/dependency_links.txt
writing entry points to ../../build/robot_startup/robot_startup.egg-info/entry_points.txt
writing requirements to ../../build/robot_startup/robot_startup.egg-info/requires.txt
writing top-level names to ../../build/robot_startup/robot_startup.egg-info/top_level.txt
reading manifest file '../../build/robot_startup/robot_startup.egg-info/SOURCES.txt'
writing manifest file '../../build/robot_startup/robot_startup.egg-info/SOURCES.txt'
running build
running build_py
running install
running install_lib
running install_data
copying launch/full_system.launch.py -> /home/evas/Robopoint_Humble/install/robot_startup/share/robot_startup/launch
running install_egg_info
removing '/home/evas/Robopoint_Humble/install/robot_startup/lib/python3.10/site-packages/robot_startup-0.0.0-py3.10.egg-info' (and everything under it)
Copying ../../build/robot_startup/robot_startup.egg-info to /home/evas/Robopoint_Humble/install/robot_startup/lib/python3.10/site-packages/robot_startup-0.0.0-py3.10.egg-info
running install_scripts
Installing move_arm_node script to /home/evas/Robopoint_Humble/install/robot_startup/lib/robot_startup
writing list of installed files to '/home/evas/Robopoint_Humble/build/robot_startup/install.log'
