[1.428s] Invoking command in '/home/evas/Robopoint_Humble/src/image_projector': AMENT_PREFIX_PATH=/home/evas/Robopoint_Humble/install/robopoint_interfaces:${AMENT_PREFIX_PATH} CMAKE_PREFIX_PATH=/home/evas/Robopoint_Humble/install/robopoint_interfaces:${CMAKE_PREFIX_PATH} LD_LIBRARY_PATH=/home/evas/Robopoint_Humble/install/robopoint_interfaces/lib:${LD_LIBRARY_PATH} PYTHONPATH=/home/evas/Robopoint_Humble/build/image_projector/prefix_override:/usr/lib/python3/dist-packages/colcon_core/task/python/colcon_distutils_commands:/home/evas/Robopoint_Humble/install/image_projector/lib/python3.10/site-packages:/home/evas/Robopoint_Humble/install/robopoint_interfaces/local/lib/python3.10/dist-packages:${PYTHONPATH} /usr/bin/python3 -W ignore:setup.py install is deprecated -W ignore:easy_install command is deprecated setup.py egg_info --egg-base ../../build/image_projector build --build-base /home/evas/Robopoint_Humble/build/image_projector/build install --record /home/evas/Robopoint_Humble/build/image_projector/install.log --single-version-externally-managed install_data
[1.724s] running egg_info
[1.725s] creating ../../build/image_projector/image_projector.egg-info
[1.726s] writing ../../build/image_projector/image_projector.egg-info/PKG-INFO
[1.726s] writing dependency_links to ../../build/image_projector/image_projector.egg-info/dependency_links.txt
[1.726s] writing entry points to ../../build/image_projector/image_projector.egg-info/entry_points.txt
[1.726s] writing requirements to ../../build/image_projector/image_projector.egg-info/requires.txt
[1.727s] writing top-level names to ../../build/image_projector/image_projector.egg-info/top_level.txt
[1.727s] writing manifest file '../../build/image_projector/image_projector.egg-info/SOURCES.txt'
[1.728s] reading manifest file '../../build/image_projector/image_projector.egg-info/SOURCES.txt'
[1.730s] writing manifest file '../../build/image_projector/image_projector.egg-info/SOURCES.txt'
[1.730s] running build
[1.730s] running build_py
[1.730s] creating /home/evas/Robopoint_Humble/build/image_projector/build
[1.731s] creating /home/evas/Robopoint_Humble/build/image_projector/build/lib
[1.731s] creating /home/evas/Robopoint_Humble/build/image_projector/build/lib/image_projector
[1.731s] copying image_projector/realsense_projector.py -> /home/evas/Robopoint_Humble/build/image_projector/build/lib/image_projector
[1.731s] copying image_projector/image_projector.py -> /home/evas/Robopoint_Humble/build/image_projector/build/lib/image_projector
[1.731s] copying image_projector/__init__.py -> /home/evas/Robopoint_Humble/build/image_projector/build/lib/image_projector
[1.732s] running install
[1.733s] running install_lib
[1.734s] creating /home/evas/Robopoint_Humble/install/image_projector/lib/python3.10/site-packages/image_projector
[1.734s] copying /home/evas/Robopoint_Humble/build/image_projector/build/lib/image_projector/realsense_projector.py -> /home/evas/Robopoint_Humble/install/image_projector/lib/python3.10/site-packages/image_projector
[1.734s] copying /home/evas/Robopoint_Humble/build/image_projector/build/lib/image_projector/image_projector.py -> /home/evas/Robopoint_Humble/install/image_projector/lib/python3.10/site-packages/image_projector
[1.734s] copying /home/evas/Robopoint_Humble/build/image_projector/build/lib/image_projector/__init__.py -> /home/evas/Robopoint_Humble/install/image_projector/lib/python3.10/site-packages/image_projector
[1.737s] byte-compiling /home/evas/Robopoint_Humble/install/image_projector/lib/python3.10/site-packages/image_projector/realsense_projector.py to realsense_projector.cpython-310.pyc
[1.737s] byte-compiling /home/evas/Robopoint_Humble/install/image_projector/lib/python3.10/site-packages/image_projector/image_projector.py to image_projector.cpython-310.pyc
[1.737s] byte-compiling /home/evas/Robopoint_Humble/install/image_projector/lib/python3.10/site-packages/image_projector/__init__.py to __init__.cpython-310.pyc
[1.737s] running install_data
[1.738s] creating /home/evas/Robopoint_Humble/install/image_projector/share/ament_index
[1.738s] creating /home/evas/Robopoint_Humble/install/image_projector/share/ament_index/resource_index
[1.738s] creating /home/evas/Robopoint_Humble/install/image_projector/share/ament_index/resource_index/packages
[1.738s] copying resource/image_projector -> /home/evas/Robopoint_Humble/install/image_projector/share/ament_index/resource_index/packages
[1.738s] running install_egg_info
[1.738s] Copying ../../build/image_projector/image_projector.egg-info to /home/evas/Robopoint_Humble/install/image_projector/lib/python3.10/site-packages/image_projector-0.0.0-py3.10.egg-info
[1.739s] running install_scripts
[1.768s] Installing image_projector script to /home/evas/Robopoint_Humble/install/image_projector/lib/image_projector
[1.768s] Installing realsense_projector script to /home/evas/Robopoint_Humble/install/image_projector/lib/image_projector
[1.768s] writing list of installed files to '/home/evas/Robopoint_Humble/build/image_projector/install.log'
[1.806s] Invoked command in '/home/evas/Robopoint_Humble/src/image_projector' returned '0': AMENT_PREFIX_PATH=/home/evas/Robopoint_Humble/install/robopoint_interfaces:${AMENT_PREFIX_PATH} CMAKE_PREFIX_PATH=/home/evas/Robopoint_Humble/install/robopoint_interfaces:${CMAKE_PREFIX_PATH} LD_LIBRARY_PATH=/home/evas/Robopoint_Humble/install/robopoint_interfaces/lib:${LD_LIBRARY_PATH} PYTHONPATH=/home/evas/Robopoint_Humble/build/image_projector/prefix_override:/usr/lib/python3/dist-packages/colcon_core/task/python/colcon_distutils_commands:/home/evas/Robopoint_Humble/install/image_projector/lib/python3.10/site-packages:/home/evas/Robopoint_Humble/install/robopoint_interfaces/local/lib/python3.10/dist-packages:${PYTHONPATH} /usr/bin/python3 -W ignore:setup.py install is deprecated -W ignore:easy_install command is deprecated setup.py egg_info --egg-base ../../build/image_projector build --build-base /home/evas/Robopoint_Humble/build/image_projector/build install --record /home/evas/Robopoint_Humble/build/image_projector/install.log --single-version-externally-managed install_data
