[1.929s] Invoking command in '/home/evas/Robopoint_Humble/src/interbotix_ros_toolboxes/interbotix_common_toolbox/interbotix_common_modules': PYTHONPATH=/home/evas/Robopoint_Humble/build/interbotix_common_modules/prefix_override:/usr/lib/python3/dist-packages/colcon_core/task/python/colcon_distutils_commands:/home/evas/Robopoint_Humble/install/interbotix_common_modules/lib/python3.10/site-packages:${PYTHONPATH} /usr/bin/python3 -W ignore:setup.py install is deprecated -W ignore:easy_install command is deprecated setup.py egg_info --egg-base ../../../../build/interbotix_common_modules build --build-base /home/evas/Robopoint_Humble/build/interbotix_common_modules/build install --record /home/evas/Robopoint_Humble/build/interbotix_common_modules/install.log --single-version-externally-managed install_data
[2.305s] running egg_info
[2.306s] writing ../../../../build/interbotix_common_modules/interbotix_common_modules.egg-info/PKG-INFO
[2.306s] writing dependency_links to ../../../../build/interbotix_common_modules/interbotix_common_modules.egg-info/dependency_links.txt
[2.307s] writing entry points to ../../../../build/interbotix_common_modules/interbotix_common_modules.egg-info/entry_points.txt
[2.307s] writing requirements to ../../../../build/interbotix_common_modules/interbotix_common_modules.egg-info/requires.txt
[2.307s] writing top-level names to ../../../../build/interbotix_common_modules/interbotix_common_modules.egg-info/top_level.txt
[2.309s] reading manifest file '../../../../build/interbotix_common_modules/interbotix_common_modules.egg-info/SOURCES.txt'
[2.311s] writing manifest file '../../../../build/interbotix_common_modules/interbotix_common_modules.egg-info/SOURCES.txt'
[2.312s] running build
[2.312s] running build_py
[2.313s] running install
[2.313s] running install_lib
[2.316s] running install_data
[2.316s] running install_egg_info
[2.318s] removing '/home/evas/Robopoint_Humble/install/interbotix_common_modules/lib/python3.10/site-packages/interbotix_common_modules-0.0.0-py3.10.egg-info' (and everything under it)
[2.319s] Copying ../../../../build/interbotix_common_modules/interbotix_common_modules.egg-info to /home/evas/Robopoint_Humble/install/interbotix_common_modules/lib/python3.10/site-packages/interbotix_common_modules-0.0.0-py3.10.egg-info
[2.320s] running install_scripts
[2.350s] writing list of installed files to '/home/evas/Robopoint_Humble/build/interbotix_common_modules/install.log'
[2.392s] Invoked command in '/home/evas/Robopoint_Humble/src/interbotix_ros_toolboxes/interbotix_common_toolbox/interbotix_common_modules' returned '0': PYTHONPATH=/home/evas/Robopoint_Humble/build/interbotix_common_modules/prefix_override:/usr/lib/python3/dist-packages/colcon_core/task/python/colcon_distutils_commands:/home/evas/Robopoint_Humble/install/interbotix_common_modules/lib/python3.10/site-packages:${PYTHONPATH} /usr/bin/python3 -W ignore:setup.py install is deprecated -W ignore:easy_install command is deprecated setup.py egg_info --egg-base ../../../../build/interbotix_common_modules build --build-base /home/evas/Robopoint_Humble/build/interbotix_common_modules/build install --record /home/evas/Robopoint_Humble/build/interbotix_common_modules/install.log --single-version-externally-managed install_data
