-- The C compiler identification is GNU 11.4.0
-- The CXX compiler identification is GNU 11.4.0
-- Detecting C compiler ABI info
-- Detecting C compiler ABI info - done
-- Check for working C compiler: /usr/bin/cc - skipped
-- Detecting C compile features
-- Detecting C compile features - done
-- Detecting CXX compiler ABI info
-- Detecting CXX compiler ABI info - done
-- Check for working CXX compiler: /usr/bin/c++ - skipped
-- Detecting CXX compile features
-- Detecting CXX compile features - done
-- Found ament_cmake: 1.3.11 (/opt/ros/humble/share/ament_cmake/cmake)
-- Found Python3: /usr/bin/python3 (found version "3.10.12") found components: Interpreter 
-- Found ament_lint_auto: 0.12.12 (/opt/ros/humble/share/ament_lint_auto/cmake)
-- Found rosidl_default_generators: 1.2.0 (/opt/ros/humble/share/rosidl_default_generators/cmake)
-- Using all available rosidl_typesupport_c: rosidl_typesupport_fastrtps_c;rosidl_typesupport_introspection_c
-- Found rosidl_adapter: 3.1.6 (/opt/ros/humble/share/rosidl_adapter/cmake)
-- Using all available rosidl_typesupport_cpp: rosidl_typesupport_fastrtps_cpp;rosidl_typesupport_introspection_cpp
-- Found ament_cmake_ros: 0.10.0 (/opt/ros/humble/share/ament_cmake_ros/cmake)
-- Using all available rosidl_typesupport_c: rosidl_typesupport_fastrtps_c;rosidl_typesupport_introspection_c
-- Using all available rosidl_typesupport_cpp: rosidl_typesupport_fastrtps_cpp;rosidl_typesupport_introspection_cpp
-- Found PythonInterp: /usr/bin/python3 (found suitable version "3.10.12", minimum required is "3.6") 
-- Found python_cmake_module: 0.10.0 (/opt/ros/humble/share/python_cmake_module/cmake)
-- Found PythonLibs: /usr/lib/x86_64-linux-gnu/libpython3.10.so (found suitable version "3.10.12", minimum required is "3.5") 
-- Using PYTHON_EXECUTABLE: /usr/bin/python3
-- Using PYTHON_INCLUDE_DIRS: /usr/include/python3.10
-- Using PYTHON_LIBRARIES: /usr/lib/x86_64-linux-gnu/libpython3.10.so
-- Found PythonExtra: .so  
-- Added test 'lint_cmake' to check CMake code style
-- Added test 'xmllint' to check XML markup files
-- Configuring done
-- Generating done
-- Build files have been written to: /home/evas/Robopoint_Humble/build/robopoint_interfaces
[  2%] [34m[1mGenerating C code for ROS interfaces[0m
[  4%] [34m[1mGenerating C++ code for ROS interfaces[0m
[  4%] Built target ament_cmake_python_copy_robopoint_interfaces
running egg_info
creating robopoint_interfaces.egg-info
writing robopoint_interfaces.egg-info/PKG-INFO
writing dependency_links to robopoint_interfaces.egg-info/dependency_links.txt
writing top-level names to robopoint_interfaces.egg-info/top_level.txt
writing manifest file 'robopoint_interfaces.egg-info/SOURCES.txt'
reading manifest file 'robopoint_interfaces.egg-info/SOURCES.txt'
writing manifest file 'robopoint_interfaces.egg-info/SOURCES.txt'
[  4%] Built target ament_cmake_python_build_robopoint_interfaces_egg
[ 10%] [32mBuilding C object CMakeFiles/robopoint_interfaces__rosidl_generator_c.dir/rosidl_generator_c/robopoint_interfaces/srv/detail/query__functions.c.o[0m
[ 10%] [32mBuilding C object CMakeFiles/robopoint_interfaces__rosidl_generator_c.dir/rosidl_generator_c/robopoint_interfaces/srv/detail/move_to_point__functions.c.o[0m
[ 10%] [32mBuilding C object CMakeFiles/robopoint_interfaces__rosidl_generator_c.dir/rosidl_generator_c/robopoint_interfaces/srv/detail/get3_d_coordinates__functions.c.o[0m
[ 12%] [32m[1mLinking C shared library librobopoint_interfaces__rosidl_generator_c.so[0m
[ 12%] Built target robopoint_interfaces__cpp
[ 17%] [34m[1mGenerating C++ type support for eProsima Fast-RTPS[0m
[ 19%] [34m[1mGenerating C++ introspection for ROS interfaces[0m
[ 19%] [34m[1mGenerating C++ type support dispatch for ROS interfaces[0m
[ 19%] Built target robopoint_interfaces__rosidl_generator_c
[ 23%] [34m[1mGenerating C introspection for ROS interfaces[0m
[ 23%] [34m[1mGenerating C type support for eProsima Fast-RTPS[0m
[ 25%] [34m[1mGenerating C type support dispatch for ROS interfaces[0m
[ 27%] [32mBuilding CXX object CMakeFiles/robopoint_interfaces__rosidl_typesupport_cpp.dir/rosidl_typesupport_cpp/robopoint_interfaces/srv/get3_d_coordinates__type_support.cpp.o[0m
[ 29%] [32mBuilding CXX object CMakeFiles/robopoint_interfaces__rosidl_typesupport_cpp.dir/rosidl_typesupport_cpp/robopoint_interfaces/srv/query__type_support.cpp.o[0m
[ 31%] [32mBuilding CXX object CMakeFiles/robopoint_interfaces__rosidl_typesupport_cpp.dir/rosidl_typesupport_cpp/robopoint_interfaces/srv/move_to_point__type_support.cpp.o[0m
[ 34%] [32mBuilding CXX object CMakeFiles/robopoint_interfaces__rosidl_typesupport_c.dir/rosidl_typesupport_c/robopoint_interfaces/srv/get3_d_coordinates__type_support.cpp.o[0m
[ 36%] [32mBuilding CXX object CMakeFiles/robopoint_interfaces__rosidl_typesupport_c.dir/rosidl_typesupport_c/robopoint_interfaces/srv/move_to_point__type_support.cpp.o[0m
[ 38%] [32mBuilding CXX object CMakeFiles/robopoint_interfaces__rosidl_typesupport_c.dir/rosidl_typesupport_c/robopoint_interfaces/srv/query__type_support.cpp.o[0m
[ 40%] [32mBuilding CXX object CMakeFiles/robopoint_interfaces__rosidl_typesupport_introspection_cpp.dir/rosidl_typesupport_introspection_cpp/robopoint_interfaces/srv/detail/move_to_point__type_support.cpp.o[0m
[ 42%] [32mBuilding CXX object CMakeFiles/robopoint_interfaces__rosidl_typesupport_introspection_cpp.dir/rosidl_typesupport_introspection_cpp/robopoint_interfaces/srv/detail/query__type_support.cpp.o[0m
[ 44%] [32mBuilding CXX object CMakeFiles/robopoint_interfaces__rosidl_typesupport_introspection_cpp.dir/rosidl_typesupport_introspection_cpp/robopoint_interfaces/srv/detail/get3_d_coordinates__type_support.cpp.o[0m
[ 46%] [32m[1mLinking CXX shared library librobopoint_interfaces__rosidl_typesupport_c.so[0m
[ 48%] [32mBuilding CXX object CMakeFiles/robopoint_interfaces__rosidl_typesupport_fastrtps_cpp.dir/rosidl_typesupport_fastrtps_cpp/robopoint_interfaces/srv/detail/dds_fastrtps/get3_d_coordinates__type_support.cpp.o[0m
[ 51%] [32mBuilding CXX object CMakeFiles/robopoint_interfaces__rosidl_typesupport_fastrtps_cpp.dir/rosidl_typesupport_fastrtps_cpp/robopoint_interfaces/srv/detail/dds_fastrtps/move_to_point__type_support.cpp.o[0m
[ 53%] [32mBuilding C object CMakeFiles/robopoint_interfaces__rosidl_typesupport_introspection_c.dir/rosidl_typesupport_introspection_c/robopoint_interfaces/srv/detail/move_to_point__type_support.c.o[0m
[ 55%] [32mBuilding C object CMakeFiles/robopoint_interfaces__rosidl_typesupport_introspection_c.dir/rosidl_typesupport_introspection_c/robopoint_interfaces/srv/detail/get3_d_coordinates__type_support.c.o[0m
[ 57%] [32mBuilding CXX object CMakeFiles/robopoint_interfaces__rosidl_typesupport_fastrtps_cpp.dir/rosidl_typesupport_fastrtps_cpp/robopoint_interfaces/srv/detail/dds_fastrtps/query__type_support.cpp.o[0m
[ 57%] Built target robopoint_interfaces__rosidl_typesupport_c
[ 59%] [32mBuilding C object CMakeFiles/robopoint_interfaces__rosidl_typesupport_introspection_c.dir/rosidl_typesupport_introspection_c/robopoint_interfaces/srv/detail/query__type_support.c.o[0m
[ 61%] [32mBuilding CXX object CMakeFiles/robopoint_interfaces__rosidl_typesupport_fastrtps_c.dir/rosidl_typesupport_fastrtps_c/robopoint_interfaces/srv/detail/get3_d_coordinates__type_support_c.cpp.o[0m
[ 63%] [32mBuilding CXX object CMakeFiles/robopoint_interfaces__rosidl_typesupport_fastrtps_c.dir/rosidl_typesupport_fastrtps_c/robopoint_interfaces/srv/detail/query__type_support_c.cpp.o[0m
[ 65%] [32mBuilding CXX object CMakeFiles/robopoint_interfaces__rosidl_typesupport_fastrtps_c.dir/rosidl_typesupport_fastrtps_c/robopoint_interfaces/srv/detail/move_to_point__type_support_c.cpp.o[0m
[ 68%] [32m[1mLinking C shared library librobopoint_interfaces__rosidl_typesupport_introspection_c.so[0m
[ 68%] Built target robopoint_interfaces__rosidl_typesupport_introspection_c
[ 70%] [32m[1mLinking CXX shared library librobopoint_interfaces__rosidl_typesupport_cpp.so[0m
[ 70%] Built target robopoint_interfaces__rosidl_typesupport_cpp
[ 72%] [32m[1mLinking CXX shared library librobopoint_interfaces__rosidl_typesupport_introspection_cpp.so[0m
[ 74%] [32m[1mLinking CXX shared library librobopoint_interfaces__rosidl_typesupport_fastrtps_c.so[0m
[ 76%] [32m[1mLinking CXX shared library librobopoint_interfaces__rosidl_typesupport_fastrtps_cpp.so[0m
[ 76%] Built target robopoint_interfaces__rosidl_typesupport_introspection_cpp
[ 76%] Built target robopoint_interfaces__rosidl_typesupport_fastrtps_c
[ 76%] Built target robopoint_interfaces__rosidl_typesupport_fastrtps_cpp
[ 76%] Built target robopoint_interfaces
[ 78%] [34m[1mGenerating Python code for ROS interfaces[0m
[ 78%] Built target robopoint_interfaces__py
[ 80%] [32mBuilding C object CMakeFiles/robopoint_interfaces__rosidl_generator_py.dir/rosidl_generator_py/robopoint_interfaces/srv/_move_to_point_s.c.o[0m
[ 82%] [32mBuilding C object CMakeFiles/robopoint_interfaces__rosidl_generator_py.dir/rosidl_generator_py/robopoint_interfaces/srv/_query_s.c.o[0m
[ 85%] [32mBuilding C object CMakeFiles/robopoint_interfaces__rosidl_generator_py.dir/rosidl_generator_py/robopoint_interfaces/srv/_get3_d_coordinates_s.c.o[0m
[ 87%] [32m[1mLinking C shared library rosidl_generator_py/robopoint_interfaces/librobopoint_interfaces__rosidl_generator_py.so[0m
[ 87%] Built target robopoint_interfaces__rosidl_generator_py
[ 89%] [32mBuilding C object CMakeFiles/robopoint_interfaces__rosidl_typesupport_fastrtps_c__pyext.dir/rosidl_generator_py/robopoint_interfaces/_robopoint_interfaces_s.ep.rosidl_typesupport_fastrtps_c.c.o[0m
[ 91%] [32mBuilding C object CMakeFiles/robopoint_interfaces__rosidl_typesupport_c__pyext.dir/rosidl_generator_py/robopoint_interfaces/_robopoint_interfaces_s.ep.rosidl_typesupport_c.c.o[0m
[ 93%] [32mBuilding C object CMakeFiles/robopoint_interfaces__rosidl_typesupport_introspection_c__pyext.dir/rosidl_generator_py/robopoint_interfaces/_robopoint_interfaces_s.ep.rosidl_typesupport_introspection_c.c.o[0m
[ 95%] [32m[1mLinking C shared library rosidl_generator_py/robopoint_interfaces/robopoint_interfaces_s__rosidl_typesupport_introspection_c.cpython-310-x86_64-linux-gnu.so[0m
[ 97%] [32m[1mLinking C shared library rosidl_generator_py/robopoint_interfaces/robopoint_interfaces_s__rosidl_typesupport_fastrtps_c.cpython-310-x86_64-linux-gnu.so[0m
[100%] [32m[1mLinking C shared library rosidl_generator_py/robopoint_interfaces/robopoint_interfaces_s__rosidl_typesupport_c.cpython-310-x86_64-linux-gnu.so[0m
[100%] Built target robopoint_interfaces__rosidl_typesupport_introspection_c__pyext
[100%] Built target robopoint_interfaces__rosidl_typesupport_fastrtps_c__pyext
[100%] Built target robopoint_interfaces__rosidl_typesupport_c__pyext
-- Install configuration: ""
-- Installing: /home/evas/Robopoint_Humble/install/robopoint_interfaces/share/ament_index/resource_index/rosidl_interfaces/robopoint_interfaces
-- Installing: /home/evas/Robopoint_Humble/install/robopoint_interfaces/include/robopoint_interfaces/robopoint_interfaces
-- Installing: /home/evas/Robopoint_Humble/install/robopoint_interfaces/include/robopoint_interfaces/robopoint_interfaces/srv
-- Installing: /home/evas/Robopoint_Humble/install/robopoint_interfaces/include/robopoint_interfaces/robopoint_interfaces/srv/query.h
-- Installing: /home/evas/Robopoint_Humble/install/robopoint_interfaces/include/robopoint_interfaces/robopoint_interfaces/srv/detail
-- Installing: /home/evas/Robopoint_Humble/install/robopoint_interfaces/include/robopoint_interfaces/robopoint_interfaces/srv/detail/get3_d_coordinates__functions.c
-- Installing: /home/evas/Robopoint_Humble/install/robopoint_interfaces/include/robopoint_interfaces/robopoint_interfaces/srv/detail/move_to_point__type_support.h
-- Installing: /home/evas/Robopoint_Humble/install/robopoint_interfaces/include/robopoint_interfaces/robopoint_interfaces/srv/detail/query__functions.h
-- Installing: /home/evas/Robopoint_Humble/install/robopoint_interfaces/include/robopoint_interfaces/robopoint_interfaces/srv/detail/move_to_point__functions.c
-- Installing: /home/evas/Robopoint_Humble/install/robopoint_interfaces/include/robopoint_interfaces/robopoint_interfaces/srv/detail/get3_d_coordinates__functions.h
-- Installing: /home/evas/Robopoint_Humble/install/robopoint_interfaces/include/robopoint_interfaces/robopoint_interfaces/srv/detail/move_to_point__struct.h
-- Installing: /home/evas/Robopoint_Humble/install/robopoint_interfaces/include/robopoint_interfaces/robopoint_interfaces/srv/detail/query__functions.c
-- Installing: /home/evas/Robopoint_Humble/install/robopoint_interfaces/include/robopoint_interfaces/robopoint_interfaces/srv/detail/get3_d_coordinates__struct.h
-- Installing: /home/evas/Robopoint_Humble/install/robopoint_interfaces/include/robopoint_interfaces/robopoint_interfaces/srv/detail/move_to_point__functions.h
-- Installing: /home/evas/Robopoint_Humble/install/robopoint_interfaces/include/robopoint_interfaces/robopoint_interfaces/srv/detail/get3_d_coordinates__type_support.h
-- Installing: /home/evas/Robopoint_Humble/install/robopoint_interfaces/include/robopoint_interfaces/robopoint_interfaces/srv/detail/query__type_support.h
-- Installing: /home/evas/Robopoint_Humble/install/robopoint_interfaces/include/robopoint_interfaces/robopoint_interfaces/srv/detail/query__struct.h
-- Installing: /home/evas/Robopoint_Humble/install/robopoint_interfaces/include/robopoint_interfaces/robopoint_interfaces/srv/get3_d_coordinates.h
-- Installing: /home/evas/Robopoint_Humble/install/robopoint_interfaces/include/robopoint_interfaces/robopoint_interfaces/srv/move_to_point.h
-- Installing: /home/evas/Robopoint_Humble/install/robopoint_interfaces/include/robopoint_interfaces/robopoint_interfaces/msg
-- Installing: /home/evas/Robopoint_Humble/install/robopoint_interfaces/include/robopoint_interfaces/robopoint_interfaces/msg/rosidl_generator_c__visibility_control.h
-- Installing: /home/evas/Robopoint_Humble/install/robopoint_interfaces/share/robopoint_interfaces/environment/library_path.sh
-- Installing: /home/evas/Robopoint_Humble/install/robopoint_interfaces/share/robopoint_interfaces/environment/library_path.dsv
-- Installing: /home/evas/Robopoint_Humble/install/robopoint_interfaces/lib/librobopoint_interfaces__rosidl_generator_c.so
-- Set runtime path of "/home/evas/Robopoint_Humble/install/robopoint_interfaces/lib/librobopoint_interfaces__rosidl_generator_c.so" to ""
-- Up-to-date: /home/evas/Robopoint_Humble/install/robopoint_interfaces/include/robopoint_interfaces/robopoint_interfaces
-- Up-to-date: /home/evas/Robopoint_Humble/install/robopoint_interfaces/include/robopoint_interfaces/robopoint_interfaces/srv
-- Up-to-date: /home/evas/Robopoint_Humble/install/robopoint_interfaces/include/robopoint_interfaces/robopoint_interfaces/srv/detail
-- Installing: /home/evas/Robopoint_Humble/install/robopoint_interfaces/include/robopoint_interfaces/robopoint_interfaces/srv/detail/get3_d_coordinates__rosidl_typesupport_fastrtps_c.h
-- Installing: /home/evas/Robopoint_Humble/install/robopoint_interfaces/include/robopoint_interfaces/robopoint_interfaces/srv/detail/query__rosidl_typesupport_fastrtps_c.h
-- Installing: /home/evas/Robopoint_Humble/install/robopoint_interfaces/include/robopoint_interfaces/robopoint_interfaces/srv/detail/move_to_point__rosidl_typesupport_fastrtps_c.h
-- Up-to-date: /home/evas/Robopoint_Humble/install/robopoint_interfaces/include/robopoint_interfaces/robopoint_interfaces/msg
-- Installing: /home/evas/Robopoint_Humble/install/robopoint_interfaces/include/robopoint_interfaces/robopoint_interfaces/msg/rosidl_typesupport_fastrtps_c__visibility_control.h
-- Installing: /home/evas/Robopoint_Humble/install/robopoint_interfaces/lib/librobopoint_interfaces__rosidl_typesupport_fastrtps_c.so
-- Set runtime path of "/home/evas/Robopoint_Humble/install/robopoint_interfaces/lib/librobopoint_interfaces__rosidl_typesupport_fastrtps_c.so" to ""
-- Up-to-date: /home/evas/Robopoint_Humble/install/robopoint_interfaces/include/robopoint_interfaces/robopoint_interfaces
-- Up-to-date: /home/evas/Robopoint_Humble/install/robopoint_interfaces/include/robopoint_interfaces/robopoint_interfaces/srv
-- Up-to-date: /home/evas/Robopoint_Humble/install/robopoint_interfaces/include/robopoint_interfaces/robopoint_interfaces/srv/detail
-- Installing: /home/evas/Robopoint_Humble/install/robopoint_interfaces/include/robopoint_interfaces/robopoint_interfaces/srv/detail/query__rosidl_typesupport_introspection_c.h
-- Installing: /home/evas/Robopoint_Humble/install/robopoint_interfaces/include/robopoint_interfaces/robopoint_interfaces/srv/detail/get3_d_coordinates__rosidl_typesupport_introspection_c.h
-- Installing: /home/evas/Robopoint_Humble/install/robopoint_interfaces/include/robopoint_interfaces/robopoint_interfaces/srv/detail/move_to_point__type_support.c
-- Installing: /home/evas/Robopoint_Humble/install/robopoint_interfaces/include/robopoint_interfaces/robopoint_interfaces/srv/detail/get3_d_coordinates__type_support.c
-- Installing: /home/evas/Robopoint_Humble/install/robopoint_interfaces/include/robopoint_interfaces/robopoint_interfaces/srv/detail/query__type_support.c
-- Installing: /home/evas/Robopoint_Humble/install/robopoint_interfaces/include/robopoint_interfaces/robopoint_interfaces/srv/detail/move_to_point__rosidl_typesupport_introspection_c.h
-- Up-to-date: /home/evas/Robopoint_Humble/install/robopoint_interfaces/include/robopoint_interfaces/robopoint_interfaces/msg
-- Installing: /home/evas/Robopoint_Humble/install/robopoint_interfaces/include/robopoint_interfaces/robopoint_interfaces/msg/rosidl_typesupport_introspection_c__visibility_control.h
-- Installing: /home/evas/Robopoint_Humble/install/robopoint_interfaces/lib/librobopoint_interfaces__rosidl_typesupport_introspection_c.so
-- Set runtime path of "/home/evas/Robopoint_Humble/install/robopoint_interfaces/lib/librobopoint_interfaces__rosidl_typesupport_introspection_c.so" to ""
-- Installing: /home/evas/Robopoint_Humble/install/robopoint_interfaces/lib/librobopoint_interfaces__rosidl_typesupport_c.so
-- Set runtime path of "/home/evas/Robopoint_Humble/install/robopoint_interfaces/lib/librobopoint_interfaces__rosidl_typesupport_c.so" to ""
-- Up-to-date: /home/evas/Robopoint_Humble/install/robopoint_interfaces/include/robopoint_interfaces/robopoint_interfaces
-- Up-to-date: /home/evas/Robopoint_Humble/install/robopoint_interfaces/include/robopoint_interfaces/robopoint_interfaces/srv
-- Installing: /home/evas/Robopoint_Humble/install/robopoint_interfaces/include/robopoint_interfaces/robopoint_interfaces/srv/move_to_point.hpp
-- Installing: /home/evas/Robopoint_Humble/install/robopoint_interfaces/include/robopoint_interfaces/robopoint_interfaces/srv/get3_d_coordinates.hpp
-- Installing: /home/evas/Robopoint_Humble/install/robopoint_interfaces/include/robopoint_interfaces/robopoint_interfaces/srv/query.hpp
-- Up-to-date: /home/evas/Robopoint_Humble/install/robopoint_interfaces/include/robopoint_interfaces/robopoint_interfaces/srv/detail
-- Installing: /home/evas/Robopoint_Humble/install/robopoint_interfaces/include/robopoint_interfaces/robopoint_interfaces/srv/detail/query__type_support.hpp
-- Installing: /home/evas/Robopoint_Humble/install/robopoint_interfaces/include/robopoint_interfaces/robopoint_interfaces/srv/detail/query__struct.hpp
-- Installing: /home/evas/Robopoint_Humble/install/robopoint_interfaces/include/robopoint_interfaces/robopoint_interfaces/srv/detail/get3_d_coordinates__type_support.hpp
-- Installing: /home/evas/Robopoint_Humble/install/robopoint_interfaces/include/robopoint_interfaces/robopoint_interfaces/srv/detail/move_to_point__builder.hpp
-- Installing: /home/evas/Robopoint_Humble/install/robopoint_interfaces/include/robopoint_interfaces/robopoint_interfaces/srv/detail/get3_d_coordinates__traits.hpp
-- Installing: /home/evas/Robopoint_Humble/install/robopoint_interfaces/include/robopoint_interfaces/robopoint_interfaces/srv/detail/move_to_point__traits.hpp
-- Installing: /home/evas/Robopoint_Humble/install/robopoint_interfaces/include/robopoint_interfaces/robopoint_interfaces/srv/detail/query__traits.hpp
-- Installing: /home/evas/Robopoint_Humble/install/robopoint_interfaces/include/robopoint_interfaces/robopoint_interfaces/srv/detail/get3_d_coordinates__builder.hpp
-- Installing: /home/evas/Robopoint_Humble/install/robopoint_interfaces/include/robopoint_interfaces/robopoint_interfaces/srv/detail/move_to_point__struct.hpp
-- Installing: /home/evas/Robopoint_Humble/install/robopoint_interfaces/include/robopoint_interfaces/robopoint_interfaces/srv/detail/query__builder.hpp
-- Installing: /home/evas/Robopoint_Humble/install/robopoint_interfaces/include/robopoint_interfaces/robopoint_interfaces/srv/detail/get3_d_coordinates__struct.hpp
-- Installing: /home/evas/Robopoint_Humble/install/robopoint_interfaces/include/robopoint_interfaces/robopoint_interfaces/srv/detail/move_to_point__type_support.hpp
-- Up-to-date: /home/evas/Robopoint_Humble/install/robopoint_interfaces/include/robopoint_interfaces/robopoint_interfaces/msg
-- Installing: /home/evas/Robopoint_Humble/install/robopoint_interfaces/include/robopoint_interfaces/robopoint_interfaces/msg/rosidl_generator_cpp__visibility_control.hpp
-- Up-to-date: /home/evas/Robopoint_Humble/install/robopoint_interfaces/include/robopoint_interfaces/robopoint_interfaces
-- Up-to-date: /home/evas/Robopoint_Humble/install/robopoint_interfaces/include/robopoint_interfaces/robopoint_interfaces/srv
-- Up-to-date: /home/evas/Robopoint_Humble/install/robopoint_interfaces/include/robopoint_interfaces/robopoint_interfaces/srv/detail
-- Installing: /home/evas/Robopoint_Humble/install/robopoint_interfaces/include/robopoint_interfaces/robopoint_interfaces/srv/detail/get3_d_coordinates__rosidl_typesupport_fastrtps_cpp.hpp
-- Installing: /home/evas/Robopoint_Humble/install/robopoint_interfaces/include/robopoint_interfaces/robopoint_interfaces/srv/detail/move_to_point__rosidl_typesupport_fastrtps_cpp.hpp
-- Installing: /home/evas/Robopoint_Humble/install/robopoint_interfaces/include/robopoint_interfaces/robopoint_interfaces/srv/detail/query__rosidl_typesupport_fastrtps_cpp.hpp
-- Installing: /home/evas/Robopoint_Humble/install/robopoint_interfaces/include/robopoint_interfaces/robopoint_interfaces/srv/detail/dds_fastrtps
-- Up-to-date: /home/evas/Robopoint_Humble/install/robopoint_interfaces/include/robopoint_interfaces/robopoint_interfaces/msg
-- Installing: /home/evas/Robopoint_Humble/install/robopoint_interfaces/include/robopoint_interfaces/robopoint_interfaces/msg/rosidl_typesupport_fastrtps_cpp__visibility_control.h
-- Installing: /home/evas/Robopoint_Humble/install/robopoint_interfaces/lib/librobopoint_interfaces__rosidl_typesupport_fastrtps_cpp.so
-- Set runtime path of "/home/evas/Robopoint_Humble/install/robopoint_interfaces/lib/librobopoint_interfaces__rosidl_typesupport_fastrtps_cpp.so" to ""
-- Up-to-date: /home/evas/Robopoint_Humble/install/robopoint_interfaces/include/robopoint_interfaces/robopoint_interfaces
-- Up-to-date: /home/evas/Robopoint_Humble/install/robopoint_interfaces/include/robopoint_interfaces/robopoint_interfaces/srv
-- Up-to-date: /home/evas/Robopoint_Humble/install/robopoint_interfaces/include/robopoint_interfaces/robopoint_interfaces/srv/detail
-- Installing: /home/evas/Robopoint_Humble/install/robopoint_interfaces/include/robopoint_interfaces/robopoint_interfaces/srv/detail/query__rosidl_typesupport_introspection_cpp.hpp
-- Installing: /home/evas/Robopoint_Humble/install/robopoint_interfaces/include/robopoint_interfaces/robopoint_interfaces/srv/detail/get3_d_coordinates__type_support.cpp
-- Installing: /home/evas/Robopoint_Humble/install/robopoint_interfaces/include/robopoint_interfaces/robopoint_interfaces/srv/detail/move_to_point__type_support.cpp
-- Installing: /home/evas/Robopoint_Humble/install/robopoint_interfaces/include/robopoint_interfaces/robopoint_interfaces/srv/detail/get3_d_coordinates__rosidl_typesupport_introspection_cpp.hpp
-- Installing: /home/evas/Robopoint_Humble/install/robopoint_interfaces/include/robopoint_interfaces/robopoint_interfaces/srv/detail/move_to_point__rosidl_typesupport_introspection_cpp.hpp
-- Installing: /home/evas/Robopoint_Humble/install/robopoint_interfaces/include/robopoint_interfaces/robopoint_interfaces/srv/detail/query__type_support.cpp
-- Installing: /home/evas/Robopoint_Humble/install/robopoint_interfaces/lib/librobopoint_interfaces__rosidl_typesupport_introspection_cpp.so
-- Set runtime path of "/home/evas/Robopoint_Humble/install/robopoint_interfaces/lib/librobopoint_interfaces__rosidl_typesupport_introspection_cpp.so" to ""
-- Installing: /home/evas/Robopoint_Humble/install/robopoint_interfaces/lib/librobopoint_interfaces__rosidl_typesupport_cpp.so
-- Set runtime path of "/home/evas/Robopoint_Humble/install/robopoint_interfaces/lib/librobopoint_interfaces__rosidl_typesupport_cpp.so" to ""
-- Installing: /home/evas/Robopoint_Humble/install/robopoint_interfaces/share/robopoint_interfaces/environment/pythonpath.sh
-- Installing: /home/evas/Robopoint_Humble/install/robopoint_interfaces/share/robopoint_interfaces/environment/pythonpath.dsv
-- Installing: /home/evas/Robopoint_Humble/install/robopoint_interfaces/local/lib/python3.10/dist-packages/robopoint_interfaces-0.0.0-py3.10.egg-info
-- Installing: /home/evas/Robopoint_Humble/install/robopoint_interfaces/local/lib/python3.10/dist-packages/robopoint_interfaces-0.0.0-py3.10.egg-info/PKG-INFO
-- Installing: /home/evas/Robopoint_Humble/install/robopoint_interfaces/local/lib/python3.10/dist-packages/robopoint_interfaces-0.0.0-py3.10.egg-info/dependency_links.txt
-- Installing: /home/evas/Robopoint_Humble/install/robopoint_interfaces/local/lib/python3.10/dist-packages/robopoint_interfaces-0.0.0-py3.10.egg-info/top_level.txt
-- Installing: /home/evas/Robopoint_Humble/install/robopoint_interfaces/local/lib/python3.10/dist-packages/robopoint_interfaces-0.0.0-py3.10.egg-info/SOURCES.txt
-- Installing: /home/evas/Robopoint_Humble/install/robopoint_interfaces/local/lib/python3.10/dist-packages/robopoint_interfaces
-- Installing: /home/evas/Robopoint_Humble/install/robopoint_interfaces/local/lib/python3.10/dist-packages/robopoint_interfaces/srv
-- Installing: /home/evas/Robopoint_Humble/install/robopoint_interfaces/local/lib/python3.10/dist-packages/robopoint_interfaces/srv/_get3_d_coordinates.py
-- Installing: /home/evas/Robopoint_Humble/install/robopoint_interfaces/local/lib/python3.10/dist-packages/robopoint_interfaces/srv/_query_s.c
-- Installing: /home/evas/Robopoint_Humble/install/robopoint_interfaces/local/lib/python3.10/dist-packages/robopoint_interfaces/srv/_move_to_point_s.c
-- Installing: /home/evas/Robopoint_Humble/install/robopoint_interfaces/local/lib/python3.10/dist-packages/robopoint_interfaces/srv/_get3_d_coordinates_s.c
-- Installing: /home/evas/Robopoint_Humble/install/robopoint_interfaces/local/lib/python3.10/dist-packages/robopoint_interfaces/srv/_move_to_point.py
-- Installing: /home/evas/Robopoint_Humble/install/robopoint_interfaces/local/lib/python3.10/dist-packages/robopoint_interfaces/srv/_query.py
-- Installing: /home/evas/Robopoint_Humble/install/robopoint_interfaces/local/lib/python3.10/dist-packages/robopoint_interfaces/srv/__init__.py
-- Installing: /home/evas/Robopoint_Humble/install/robopoint_interfaces/local/lib/python3.10/dist-packages/robopoint_interfaces/_robopoint_interfaces_s.ep.rosidl_typesupport_fastrtps_c.c
-- Installing: /home/evas/Robopoint_Humble/install/robopoint_interfaces/local/lib/python3.10/dist-packages/robopoint_interfaces/robopoint_interfaces_s__rosidl_typesupport_fastrtps_c.cpython-310-x86_64-linux-gnu.so
-- Installing: /home/evas/Robopoint_Humble/install/robopoint_interfaces/local/lib/python3.10/dist-packages/robopoint_interfaces/robopoint_interfaces_s__rosidl_typesupport_c.cpython-310-x86_64-linux-gnu.so
-- Installing: /home/evas/Robopoint_Humble/install/robopoint_interfaces/local/lib/python3.10/dist-packages/robopoint_interfaces/_robopoint_interfaces_s.ep.rosidl_typesupport_introspection_c.c
-- Installing: /home/evas/Robopoint_Humble/install/robopoint_interfaces/local/lib/python3.10/dist-packages/robopoint_interfaces/robopoint_interfaces_s__rosidl_typesupport_introspection_c.cpython-310-x86_64-linux-gnu.so
-- Installing: /home/evas/Robopoint_Humble/install/robopoint_interfaces/local/lib/python3.10/dist-packages/robopoint_interfaces/librobopoint_interfaces__rosidl_generator_py.so
-- Installing: /home/evas/Robopoint_Humble/install/robopoint_interfaces/local/lib/python3.10/dist-packages/robopoint_interfaces/_robopoint_interfaces_s.ep.rosidl_typesupport_c.c
-- Installing: /home/evas/Robopoint_Humble/install/robopoint_interfaces/local/lib/python3.10/dist-packages/robopoint_interfaces/__init__.py
Listing '/home/evas/Robopoint_Humble/install/robopoint_interfaces/local/lib/python3.10/dist-packages/robopoint_interfaces'...
Compiling '/home/evas/Robopoint_Humble/install/robopoint_interfaces/local/lib/python3.10/dist-packages/robopoint_interfaces/__init__.py'...
Listing '/home/evas/Robopoint_Humble/install/robopoint_interfaces/local/lib/python3.10/dist-packages/robopoint_interfaces/srv'...
Compiling '/home/evas/Robopoint_Humble/install/robopoint_interfaces/local/lib/python3.10/dist-packages/robopoint_interfaces/srv/__init__.py'...
Compiling '/home/evas/Robopoint_Humble/install/robopoint_interfaces/local/lib/python3.10/dist-packages/robopoint_interfaces/srv/_get3_d_coordinates.py'...
Compiling '/home/evas/Robopoint_Humble/install/robopoint_interfaces/local/lib/python3.10/dist-packages/robopoint_interfaces/srv/_move_to_point.py'...
Compiling '/home/evas/Robopoint_Humble/install/robopoint_interfaces/local/lib/python3.10/dist-packages/robopoint_interfaces/srv/_query.py'...
-- Installing: /home/evas/Robopoint_Humble/install/robopoint_interfaces/local/lib/python3.10/dist-packages/robopoint_interfaces/robopoint_interfaces_s__rosidl_typesupport_fastrtps_c.cpython-310-x86_64-linux-gnu.so
-- Set runtime path of "/home/evas/Robopoint_Humble/install/robopoint_interfaces/local/lib/python3.10/dist-packages/robopoint_interfaces/robopoint_interfaces_s__rosidl_typesupport_fastrtps_c.cpython-310-x86_64-linux-gnu.so" to ""
-- Installing: /home/evas/Robopoint_Humble/install/robopoint_interfaces/local/lib/python3.10/dist-packages/robopoint_interfaces/robopoint_interfaces_s__rosidl_typesupport_introspection_c.cpython-310-x86_64-linux-gnu.so
-- Set runtime path of "/home/evas/Robopoint_Humble/install/robopoint_interfaces/local/lib/python3.10/dist-packages/robopoint_interfaces/robopoint_interfaces_s__rosidl_typesupport_introspection_c.cpython-310-x86_64-linux-gnu.so" to ""
-- Installing: /home/evas/Robopoint_Humble/install/robopoint_interfaces/local/lib/python3.10/dist-packages/robopoint_interfaces/robopoint_interfaces_s__rosidl_typesupport_c.cpython-310-x86_64-linux-gnu.so
-- Set runtime path of "/home/evas/Robopoint_Humble/install/robopoint_interfaces/local/lib/python3.10/dist-packages/robopoint_interfaces/robopoint_interfaces_s__rosidl_typesupport_c.cpython-310-x86_64-linux-gnu.so" to ""
-- Installing: /home/evas/Robopoint_Humble/install/robopoint_interfaces/lib/librobopoint_interfaces__rosidl_generator_py.so
-- Set runtime path of "/home/evas/Robopoint_Humble/install/robopoint_interfaces/lib/librobopoint_interfaces__rosidl_generator_py.so" to ""
-- Installing: /home/evas/Robopoint_Humble/install/robopoint_interfaces/share/robopoint_interfaces/srv/Get3DCoordinates.idl
-- Installing: /home/evas/Robopoint_Humble/install/robopoint_interfaces/share/robopoint_interfaces/srv/MoveToPoint.idl
-- Installing: /home/evas/Robopoint_Humble/install/robopoint_interfaces/share/robopoint_interfaces/srv/Query.idl
-- Installing: /home/evas/Robopoint_Humble/install/robopoint_interfaces/share/robopoint_interfaces/srv/Get3DCoordinates.srv
-- Installing: /home/evas/Robopoint_Humble/install/robopoint_interfaces/share/robopoint_interfaces/srv/Get3DCoordinates_Request.msg
-- Installing: /home/evas/Robopoint_Humble/install/robopoint_interfaces/share/robopoint_interfaces/srv/Get3DCoordinates_Response.msg
-- Installing: /home/evas/Robopoint_Humble/install/robopoint_interfaces/share/robopoint_interfaces/srv/MoveToPoint.srv
-- Installing: /home/evas/Robopoint_Humble/install/robopoint_interfaces/share/robopoint_interfaces/srv/MoveToPoint_Request.msg
-- Installing: /home/evas/Robopoint_Humble/install/robopoint_interfaces/share/robopoint_interfaces/srv/MoveToPoint_Response.msg
-- Installing: /home/evas/Robopoint_Humble/install/robopoint_interfaces/share/robopoint_interfaces/srv/Query.srv
-- Installing: /home/evas/Robopoint_Humble/install/robopoint_interfaces/share/robopoint_interfaces/srv/Query_Request.msg
-- Installing: /home/evas/Robopoint_Humble/install/robopoint_interfaces/share/robopoint_interfaces/srv/Query_Response.msg
-- Installing: /home/evas/Robopoint_Humble/install/robopoint_interfaces/share/ament_index/resource_index/package_run_dependencies/robopoint_interfaces
-- Installing: /home/evas/Robopoint_Humble/install/robopoint_interfaces/share/ament_index/resource_index/parent_prefix_path/robopoint_interfaces
-- Installing: /home/evas/Robopoint_Humble/install/robopoint_interfaces/share/robopoint_interfaces/environment/ament_prefix_path.sh
-- Installing: /home/evas/Robopoint_Humble/install/robopoint_interfaces/share/robopoint_interfaces/environment/ament_prefix_path.dsv
-- Installing: /home/evas/Robopoint_Humble/install/robopoint_interfaces/share/robopoint_interfaces/environment/path.sh
-- Installing: /home/evas/Robopoint_Humble/install/robopoint_interfaces/share/robopoint_interfaces/environment/path.dsv
-- Installing: /home/evas/Robopoint_Humble/install/robopoint_interfaces/share/robopoint_interfaces/local_setup.bash
-- Installing: /home/evas/Robopoint_Humble/install/robopoint_interfaces/share/robopoint_interfaces/local_setup.sh
-- Installing: /home/evas/Robopoint_Humble/install/robopoint_interfaces/share/robopoint_interfaces/local_setup.zsh
-- Installing: /home/evas/Robopoint_Humble/install/robopoint_interfaces/share/robopoint_interfaces/local_setup.dsv
-- Installing: /home/evas/Robopoint_Humble/install/robopoint_interfaces/share/robopoint_interfaces/package.dsv
-- Installing: /home/evas/Robopoint_Humble/install/robopoint_interfaces/share/ament_index/resource_index/packages/robopoint_interfaces
-- Installing: /home/evas/Robopoint_Humble/install/robopoint_interfaces/share/robopoint_interfaces/cmake/export_robopoint_interfaces__rosidl_generator_cExport.cmake
-- Installing: /home/evas/Robopoint_Humble/install/robopoint_interfaces/share/robopoint_interfaces/cmake/export_robopoint_interfaces__rosidl_generator_cExport-noconfig.cmake
-- Installing: /home/evas/Robopoint_Humble/install/robopoint_interfaces/share/robopoint_interfaces/cmake/export_robopoint_interfaces__rosidl_typesupport_fastrtps_cExport.cmake
-- Installing: /home/evas/Robopoint_Humble/install/robopoint_interfaces/share/robopoint_interfaces/cmake/export_robopoint_interfaces__rosidl_typesupport_fastrtps_cExport-noconfig.cmake
-- Installing: /home/evas/Robopoint_Humble/install/robopoint_interfaces/share/robopoint_interfaces/cmake/robopoint_interfaces__rosidl_typesupport_introspection_cExport.cmake
-- Installing: /home/evas/Robopoint_Humble/install/robopoint_interfaces/share/robopoint_interfaces/cmake/robopoint_interfaces__rosidl_typesupport_introspection_cExport-noconfig.cmake
-- Installing: /home/evas/Robopoint_Humble/install/robopoint_interfaces/share/robopoint_interfaces/cmake/robopoint_interfaces__rosidl_typesupport_cExport.cmake
-- Installing: /home/evas/Robopoint_Humble/install/robopoint_interfaces/share/robopoint_interfaces/cmake/robopoint_interfaces__rosidl_typesupport_cExport-noconfig.cmake
-- Installing: /home/evas/Robopoint_Humble/install/robopoint_interfaces/share/robopoint_interfaces/cmake/export_robopoint_interfaces__rosidl_generator_cppExport.cmake
-- Installing: /home/evas/Robopoint_Humble/install/robopoint_interfaces/share/robopoint_interfaces/cmake/export_robopoint_interfaces__rosidl_typesupport_fastrtps_cppExport.cmake
-- Installing: /home/evas/Robopoint_Humble/install/robopoint_interfaces/share/robopoint_interfaces/cmake/export_robopoint_interfaces__rosidl_typesupport_fastrtps_cppExport-noconfig.cmake
-- Installing: /home/evas/Robopoint_Humble/install/robopoint_interfaces/share/robopoint_interfaces/cmake/robopoint_interfaces__rosidl_typesupport_introspection_cppExport.cmake
-- Installing: /home/evas/Robopoint_Humble/install/robopoint_interfaces/share/robopoint_interfaces/cmake/robopoint_interfaces__rosidl_typesupport_introspection_cppExport-noconfig.cmake
-- Installing: /home/evas/Robopoint_Humble/install/robopoint_interfaces/share/robopoint_interfaces/cmake/robopoint_interfaces__rosidl_typesupport_cppExport.cmake
-- Installing: /home/evas/Robopoint_Humble/install/robopoint_interfaces/share/robopoint_interfaces/cmake/robopoint_interfaces__rosidl_typesupport_cppExport-noconfig.cmake
-- Installing: /home/evas/Robopoint_Humble/install/robopoint_interfaces/share/robopoint_interfaces/cmake/export_robopoint_interfaces__rosidl_generator_pyExport.cmake
-- Installing: /home/evas/Robopoint_Humble/install/robopoint_interfaces/share/robopoint_interfaces/cmake/export_robopoint_interfaces__rosidl_generator_pyExport-noconfig.cmake
-- Installing: /home/evas/Robopoint_Humble/install/robopoint_interfaces/share/robopoint_interfaces/cmake/rosidl_cmake-extras.cmake
-- Installing: /home/evas/Robopoint_Humble/install/robopoint_interfaces/share/robopoint_interfaces/cmake/ament_cmake_export_include_directories-extras.cmake
-- Installing: /home/evas/Robopoint_Humble/install/robopoint_interfaces/share/robopoint_interfaces/cmake/ament_cmake_export_libraries-extras.cmake
-- Installing: /home/evas/Robopoint_Humble/install/robopoint_interfaces/share/robopoint_interfaces/cmake/ament_cmake_export_targets-extras.cmake
-- Installing: /home/evas/Robopoint_Humble/install/robopoint_interfaces/share/robopoint_interfaces/cmake/rosidl_cmake_export_typesupport_targets-extras.cmake
-- Installing: /home/evas/Robopoint_Humble/install/robopoint_interfaces/share/robopoint_interfaces/cmake/ament_cmake_export_dependencies-extras.cmake
-- Installing: /home/evas/Robopoint_Humble/install/robopoint_interfaces/share/robopoint_interfaces/cmake/rosidl_cmake_export_typesupport_libraries-extras.cmake
-- Installing: /home/evas/Robopoint_Humble/install/robopoint_interfaces/share/robopoint_interfaces/cmake/robopoint_interfacesConfig.cmake
-- Installing: /home/evas/Robopoint_Humble/install/robopoint_interfaces/share/robopoint_interfaces/cmake/robopoint_interfacesConfig-version.cmake
-- Installing: /home/evas/Robopoint_Humble/install/robopoint_interfaces/share/robopoint_interfaces/package.xml
