[1.649s] Invoking command in '/home/evas/Robopoint_Humble/src/robot_control': PYTHONPATH=/home/evas/Robopoint_Humble/build/robot_control/prefix_override:/usr/lib/python3/dist-packages/colcon_core/task/python/colcon_distutils_commands:/home/evas/Robopoint_Humble/install/robot_control/lib/python3.10/site-packages:${PYTHONPATH} /usr/bin/python3 -W ignore:setup.py install is deprecated -W ignore:easy_install command is deprecated setup.py egg_info --egg-base ../../build/robot_control build --build-base /home/evas/Robopoint_Humble/build/robot_control/build install --record /home/evas/Robopoint_Humble/build/robot_control/install.log --single-version-externally-managed install_data
[1.957s] running egg_info
[1.959s] writing ../../build/robot_control/robot_control.egg-info/PKG-INFO
[1.959s] writing dependency_links to ../../build/robot_control/robot_control.egg-info/dependency_links.txt
[1.959s] writing entry points to ../../build/robot_control/robot_control.egg-info/entry_points.txt
[1.959s] writing requirements to ../../build/robot_control/robot_control.egg-info/requires.txt
[1.959s] writing top-level names to ../../build/robot_control/robot_control.egg-info/top_level.txt
[1.961s] reading manifest file '../../build/robot_control/robot_control.egg-info/SOURCES.txt'
[1.961s] adding license file 'LICENSE'
[1.962s] writing manifest file '../../build/robot_control/robot_control.egg-info/SOURCES.txt'
[1.962s] running build
[1.962s] running build_py
[1.962s] copying robot_control/move_arm.py -> /home/evas/Robopoint_Humble/build/robot_control/build/lib/robot_control
[1.962s] running install
[1.963s] running install_lib
[1.963s] copying /home/evas/Robopoint_Humble/build/robot_control/build/lib/robot_control/move_arm.py -> /home/evas/Robopoint_Humble/install/robot_control/lib/python3.10/site-packages/robot_control
[1.964s] byte-compiling /home/evas/Robopoint_Humble/install/robot_control/lib/python3.10/site-packages/robot_control/move_arm.py to move_arm.cpython-310.pyc
[1.965s] running install_data
[1.965s] running install_egg_info
[1.968s] removing '/home/evas/Robopoint_Humble/install/robot_control/lib/python3.10/site-packages/robot_control-0.0.0-py3.10.egg-info' (and everything under it)
[1.968s] Copying ../../build/robot_control/robot_control.egg-info to /home/evas/Robopoint_Humble/install/robot_control/lib/python3.10/site-packages/robot_control-0.0.0-py3.10.egg-info
[1.969s] running install_scripts
[1.994s] Installing move_arm script to /home/evas/Robopoint_Humble/install/robot_control/lib/robot_control
[1.994s] writing list of installed files to '/home/evas/Robopoint_Humble/build/robot_control/install.log'
[2.024s] Invoked command in '/home/evas/Robopoint_Humble/src/robot_control' returned '0': PYTHONPATH=/home/evas/Robopoint_Humble/build/robot_control/prefix_override:/usr/lib/python3/dist-packages/colcon_core/task/python/colcon_distutils_commands:/home/evas/Robopoint_Humble/install/robot_control/lib/python3.10/site-packages:${PYTHONPATH} /usr/bin/python3 -W ignore:setup.py install is deprecated -W ignore:easy_install command is deprecated setup.py egg_info --egg-base ../../build/robot_control build --build-base /home/evas/Robopoint_Humble/build/robot_control/build install --record /home/evas/Robopoint_Humble/build/robot_control/install.log --single-version-externally-managed install_data
