[1.027s] Invoking command in '/home/evas/Robopoint_Humble/src/interbotix_ros_toolboxes/interbotix_xs_toolbox/interbotix_xs_modules': AMENT_PREFIX_PATH=/home/evas/Robopoint_Humble/install/interbotix_xs_sdk:/home/evas/Robopoint_Humble/install/interbotix_xs_driver:/home/evas/Robopoint_Humble/install/interbotix_xs_msgs:/home/evas/Robopoint_Humble/install/interbotix_common_modules:/home/evas/Robopoint_Humble/install/dynamixel_workbench_toolbox:${AMENT_PREFIX_PATH} CMAKE_PREFIX_PATH=/home/evas/Robopoint_Humble/install/interbotix_xs_sdk:/home/evas/Robopoint_Humble/install/interbotix_xs_driver:/home/evas/Robopoint_Humble/install/interbotix_xs_msgs:/home/evas/Robopoint_Humble/install/dynamixel_workbench_toolbox:${CMAKE_PREFIX_PATH} LD_LIBRARY_PATH=/home/evas/Robopoint_Humble/install/interbotix_xs_driver/lib:/home/evas/Robopoint_Humble/install/interbotix_xs_msgs/lib:/home/evas/Robopoint_Humble/install/dynamixel_workbench_toolbox/lib:${LD_LIBRARY_PATH} PYTHONPATH=/home/evas/Robopoint_Humble/build/interbotix_xs_modules/prefix_override:/usr/lib/python3/dist-packages/colcon_core/task/python/colcon_distutils_commands:/home/evas/Robopoint_Humble/install/interbotix_xs_modules/lib/python3.10/site-packages:/home/evas/Robopoint_Humble/install/interbotix_xs_msgs/local/lib/python3.10/dist-packages:/home/evas/Robopoint_Humble/install/interbotix_common_modules/lib/python3.10/site-packages:${PYTHONPATH} /usr/bin/python3 -W ignore:setup.py install is deprecated -W ignore:easy_install command is deprecated setup.py egg_info --egg-base ../../../../build/interbotix_xs_modules build --build-base /home/evas/Robopoint_Humble/build/interbotix_xs_modules/build install --record /home/evas/Robopoint_Humble/build/interbotix_xs_modules/install.log --single-version-externally-managed install_data
[1.264s] running egg_info
[1.264s] writing ../../../../build/interbotix_xs_modules/interbotix_xs_modules.egg-info/PKG-INFO
[1.265s] writing dependency_links to ../../../../build/interbotix_xs_modules/interbotix_xs_modules.egg-info/dependency_links.txt
[1.265s] writing entry points to ../../../../build/interbotix_xs_modules/interbotix_xs_modules.egg-info/entry_points.txt
[1.265s] writing requirements to ../../../../build/interbotix_xs_modules/interbotix_xs_modules.egg-info/requires.txt
[1.265s] writing top-level names to ../../../../build/interbotix_xs_modules/interbotix_xs_modules.egg-info/top_level.txt
[1.266s] reading manifest file '../../../../build/interbotix_xs_modules/interbotix_xs_modules.egg-info/SOURCES.txt'
[1.268s] writing manifest file '../../../../build/interbotix_xs_modules/interbotix_xs_modules.egg-info/SOURCES.txt'
[1.268s] running build
[1.268s] running build_py
[1.269s] running install
[1.269s] running install_lib
[1.271s] running install_data
[1.271s] running install_egg_info
[1.273s] removing '/home/evas/Robopoint_Humble/install/interbotix_xs_modules/lib/python3.10/site-packages/interbotix_xs_modules-0.0.0-py3.10.egg-info' (and everything under it)
[1.273s] Copying ../../../../build/interbotix_xs_modules/interbotix_xs_modules.egg-info to /home/evas/Robopoint_Humble/install/interbotix_xs_modules/lib/python3.10/site-packages/interbotix_xs_modules-0.0.0-py3.10.egg-info
[1.274s] running install_scripts
[1.297s] writing list of installed files to '/home/evas/Robopoint_Humble/build/interbotix_xs_modules/install.log'
[1.322s] Invoked command in '/home/evas/Robopoint_Humble/src/interbotix_ros_toolboxes/interbotix_xs_toolbox/interbotix_xs_modules' returned '0': AMENT_PREFIX_PATH=/home/evas/Robopoint_Humble/install/interbotix_xs_sdk:/home/evas/Robopoint_Humble/install/interbotix_xs_driver:/home/evas/Robopoint_Humble/install/interbotix_xs_msgs:/home/evas/Robopoint_Humble/install/interbotix_common_modules:/home/evas/Robopoint_Humble/install/dynamixel_workbench_toolbox:${AMENT_PREFIX_PATH} CMAKE_PREFIX_PATH=/home/evas/Robopoint_Humble/install/interbotix_xs_sdk:/home/evas/Robopoint_Humble/install/interbotix_xs_driver:/home/evas/Robopoint_Humble/install/interbotix_xs_msgs:/home/evas/Robopoint_Humble/install/dynamixel_workbench_toolbox:${CMAKE_PREFIX_PATH} LD_LIBRARY_PATH=/home/evas/Robopoint_Humble/install/interbotix_xs_driver/lib:/home/evas/Robopoint_Humble/install/interbotix_xs_msgs/lib:/home/evas/Robopoint_Humble/install/dynamixel_workbench_toolbox/lib:${LD_LIBRARY_PATH} PYTHONPATH=/home/evas/Robopoint_Humble/build/interbotix_xs_modules/prefix_override:/usr/lib/python3/dist-packages/colcon_core/task/python/colcon_distutils_commands:/home/evas/Robopoint_Humble/install/interbotix_xs_modules/lib/python3.10/site-packages:/home/evas/Robopoint_Humble/install/interbotix_xs_msgs/local/lib/python3.10/dist-packages:/home/evas/Robopoint_Humble/install/interbotix_common_modules/lib/python3.10/site-packages:${PYTHONPATH} /usr/bin/python3 -W ignore:setup.py install is deprecated -W ignore:easy_install command is deprecated setup.py egg_info --egg-base ../../../../build/interbotix_xs_modules build --build-base /home/evas/Robopoint_Humble/build/interbotix_xs_modules/build install --record /home/evas/Robopoint_Humble/build/interbotix_xs_modules/install.log --single-version-externally-managed install_data
