[1.424s] Invoking command in '/home/evas/Robopoint_Humble/src/interbotix_ros_toolboxes/interbotix_common_toolbox/interbotix_common_modules': PYTHONPATH=/home/evas/Robopoint_Humble/build/interbotix_common_modules/prefix_override:/usr/lib/python3/dist-packages/colcon_core/task/python/colcon_distutils_commands:/home/evas/Robopoint_Humble/install/interbotix_common_modules/lib/python3.10/site-packages:${PYTHONPATH} /usr/bin/python3 -W ignore:setup.py install is deprecated -W ignore:easy_install command is deprecated setup.py egg_info --egg-base ../../../../build/interbotix_common_modules build --build-base /home/evas/Robopoint_Humble/build/interbotix_common_modules/build install --record /home/evas/Robopoint_Humble/build/interbotix_common_modules/install.log --single-version-externally-managed install_data
[1.635s] running egg_info
[1.636s] writing ../../../../build/interbotix_common_modules/interbotix_common_modules.egg-info/PKG-INFO
[1.637s] writing dependency_links to ../../../../build/interbotix_common_modules/interbotix_common_modules.egg-info/dependency_links.txt
[1.637s] writing entry points to ../../../../build/interbotix_common_modules/interbotix_common_modules.egg-info/entry_points.txt
[1.637s] writing requirements to ../../../../build/interbotix_common_modules/interbotix_common_modules.egg-info/requires.txt
[1.637s] writing top-level names to ../../../../build/interbotix_common_modules/interbotix_common_modules.egg-info/top_level.txt
[1.640s] reading manifest file '../../../../build/interbotix_common_modules/interbotix_common_modules.egg-info/SOURCES.txt'
[1.640s] writing manifest file '../../../../build/interbotix_common_modules/interbotix_common_modules.egg-info/SOURCES.txt'
[1.640s] running build
[1.640s] running build_py
[1.642s] running install
[1.642s] running install_lib
[1.645s] running install_data
[1.645s] running install_egg_info
[1.647s] removing '/home/evas/Robopoint_Humble/install/interbotix_common_modules/lib/python3.10/site-packages/interbotix_common_modules-0.0.0-py3.10.egg-info' (and everything under it)
[1.647s] Copying ../../../../build/interbotix_common_modules/interbotix_common_modules.egg-info to /home/evas/Robopoint_Humble/install/interbotix_common_modules/lib/python3.10/site-packages/interbotix_common_modules-0.0.0-py3.10.egg-info
[1.649s] running install_scripts
[1.676s] writing list of installed files to '/home/evas/Robopoint_Humble/build/interbotix_common_modules/install.log'
[1.707s] Invoked command in '/home/evas/Robopoint_Humble/src/interbotix_ros_toolboxes/interbotix_common_toolbox/interbotix_common_modules' returned '0': PYTHONPATH=/home/evas/Robopoint_Humble/build/interbotix_common_modules/prefix_override:/usr/lib/python3/dist-packages/colcon_core/task/python/colcon_distutils_commands:/home/evas/Robopoint_Humble/install/interbotix_common_modules/lib/python3.10/site-packages:${PYTHONPATH} /usr/bin/python3 -W ignore:setup.py install is deprecated -W ignore:easy_install command is deprecated setup.py egg_info --egg-base ../../../../build/interbotix_common_modules build --build-base /home/evas/Robopoint_Humble/build/interbotix_common_modules/build install --record /home/evas/Robopoint_Humble/build/interbotix_common_modules/install.log --single-version-externally-managed install_data
