[1.411s] Invoking command in '/home/evas/Robopoint_Humble/src/robot_startup': PYTHONPATH=/home/evas/Robopoint_Humble/build/robot_startup/prefix_override:/usr/lib/python3/dist-packages/colcon_core/task/python/colcon_distutils_commands:/home/evas/Robopoint_Humble/install/robot_startup/lib/python3.10/site-packages:${PYTHONPATH} /usr/bin/python3 -W ignore:setup.py install is deprecated -W ignore:easy_install command is deprecated setup.py egg_info --egg-base ../../build/robot_startup build --build-base /home/evas/Robopoint_Humble/build/robot_startup/build install --record /home/evas/Robopoint_Humble/build/robot_startup/install.log --single-version-externally-managed install_data
[1.645s] running egg_info
[1.646s] writing ../../build/robot_startup/robot_startup.egg-info/PKG-INFO
[1.647s] writing dependency_links to ../../build/robot_startup/robot_startup.egg-info/dependency_links.txt
[1.647s] writing entry points to ../../build/robot_startup/robot_startup.egg-info/entry_points.txt
[1.647s] writing requirements to ../../build/robot_startup/robot_startup.egg-info/requires.txt
[1.647s] writing top-level names to ../../build/robot_startup/robot_startup.egg-info/top_level.txt
[1.648s] reading manifest file '../../build/robot_startup/robot_startup.egg-info/SOURCES.txt'
[1.651s] writing manifest file '../../build/robot_startup/robot_startup.egg-info/SOURCES.txt'
[1.651s] running build
[1.651s] running build_py
[1.651s] running install
[1.651s] running install_lib
[1.652s] running install_data
[1.652s] copying launch/full_system.launch.py -> /home/evas/Robopoint_Humble/install/robot_startup/share/robot_startup/launch
[1.652s] creating /home/evas/Robopoint_Humble/install/robot_startup/share/robot_startup/rviz
[1.652s] copying rviz/xsarm_description.rviz -> /home/evas/Robopoint_Humble/install/robot_startup/share/robot_startup/rviz
[1.652s] running install_egg_info
[1.653s] removing '/home/evas/Robopoint_Humble/install/robot_startup/lib/python3.10/site-packages/robot_startup-0.0.0-py3.10.egg-info' (and everything under it)
[1.653s] Copying ../../build/robot_startup/robot_startup.egg-info to /home/evas/Robopoint_Humble/install/robot_startup/lib/python3.10/site-packages/robot_startup-0.0.0-py3.10.egg-info
[1.654s] running install_scripts
[1.675s] Installing move_arm_node script to /home/evas/Robopoint_Humble/install/robot_startup/lib/robot_startup
[1.676s] writing list of installed files to '/home/evas/Robopoint_Humble/build/robot_startup/install.log'
[1.702s] Invoked command in '/home/evas/Robopoint_Humble/src/robot_startup' returned '0': PYTHONPATH=/home/evas/Robopoint_Humble/build/robot_startup/prefix_override:/usr/lib/python3/dist-packages/colcon_core/task/python/colcon_distutils_commands:/home/evas/Robopoint_Humble/install/robot_startup/lib/python3.10/site-packages:${PYTHONPATH} /usr/bin/python3 -W ignore:setup.py install is deprecated -W ignore:easy_install command is deprecated setup.py egg_info --egg-base ../../build/robot_startup build --build-base /home/evas/Robopoint_Humble/build/robot_startup/build install --record /home/evas/Robopoint_Humble/build/robot_startup/install.log --single-version-externally-managed install_data
