[0.914s] Invoking command in '/home/evas/Robopoint_Humble/src/image_projector': AMENT_PREFIX_PATH=/home/evas/Robopoint_Humble/install/robopoint_interfaces:${AMENT_PREFIX_PATH} CMAKE_PREFIX_PATH=/home/evas/Robopoint_Humble/install/robopoint_interfaces:${CMAKE_PREFIX_PATH} LD_LIBRARY_PATH=/home/evas/Robopoint_Humble/install/robopoint_interfaces/lib:${LD_LIBRARY_PATH} PYTHONPATH=/home/evas/Robopoint_Humble/build/image_projector/prefix_override:/usr/lib/python3/dist-packages/colcon_core/task/python/colcon_distutils_commands:/home/evas/Robopoint_Humble/install/image_projector/lib/python3.10/site-packages:/home/evas/Robopoint_Humble/install/robopoint_interfaces/local/lib/python3.10/dist-packages:${PYTHONPATH} /usr/bin/python3 -W ignore:setup.py install is deprecated -W ignore:easy_install command is deprecated setup.py egg_info --egg-base ../../build/image_projector build --build-base /home/evas/Robopoint_Humble/build/image_projector/build install --record /home/evas/Robopoint_Humble/build/image_projector/install.log --single-version-externally-managed install_data
[1.166s] running egg_info
[1.166s] writing ../../build/image_projector/image_projector.egg-info/PKG-INFO
[1.166s] writing dependency_links to ../../build/image_projector/image_projector.egg-info/dependency_links.txt
[1.166s] writing entry points to ../../build/image_projector/image_projector.egg-info/entry_points.txt
[1.166s] writing requirements to ../../build/image_projector/image_projector.egg-info/requires.txt
[1.166s] writing top-level names to ../../build/image_projector/image_projector.egg-info/top_level.txt
[1.171s] reading manifest file '../../build/image_projector/image_projector.egg-info/SOURCES.txt'
[1.172s] writing manifest file '../../build/image_projector/image_projector.egg-info/SOURCES.txt'
[1.172s] running build
[1.172s] running build_py
[1.173s] running install
[1.173s] running install_lib
[1.175s] running install_data
[1.175s] running install_egg_info
[1.175s] removing '/home/evas/Robopoint_Humble/install/image_projector/lib/python3.10/site-packages/image_projector-0.0.0-py3.10.egg-info' (and everything under it)
[1.175s] Copying ../../build/image_projector/image_projector.egg-info to /home/evas/Robopoint_Humble/install/image_projector/lib/python3.10/site-packages/image_projector-0.0.0-py3.10.egg-info
[1.175s] running install_scripts
[1.195s] Installing image_projector script to /home/evas/Robopoint_Humble/install/image_projector/lib/image_projector
[1.196s] Installing realsense_projector script to /home/evas/Robopoint_Humble/install/image_projector/lib/image_projector
[1.196s] writing list of installed files to '/home/evas/Robopoint_Humble/build/image_projector/install.log'
[1.222s] Invoked command in '/home/evas/Robopoint_Humble/src/image_projector' returned '0': AMENT_PREFIX_PATH=/home/evas/Robopoint_Humble/install/robopoint_interfaces:${AMENT_PREFIX_PATH} CMAKE_PREFIX_PATH=/home/evas/Robopoint_Humble/install/robopoint_interfaces:${CMAKE_PREFIX_PATH} LD_LIBRARY_PATH=/home/evas/Robopoint_Humble/install/robopoint_interfaces/lib:${LD_LIBRARY_PATH} PYTHONPATH=/home/evas/Robopoint_Humble/build/image_projector/prefix_override:/usr/lib/python3/dist-packages/colcon_core/task/python/colcon_distutils_commands:/home/evas/Robopoint_Humble/install/image_projector/lib/python3.10/site-packages:/home/evas/Robopoint_Humble/install/robopoint_interfaces/local/lib/python3.10/dist-packages:${PYTHONPATH} /usr/bin/python3 -W ignore:setup.py install is deprecated -W ignore:easy_install command is deprecated setup.py egg_info --egg-base ../../build/image_projector build --build-base /home/evas/Robopoint_Humble/build/image_projector/build install --record /home/evas/Robopoint_Humble/build/image_projector/install.log --single-version-externally-managed install_data
