running egg_info
creating ../../build/robot_startup/robot_startup.egg-info
writing ../../build/robot_startup/robot_startup.egg-info/PKG-INFO
writing dependency_links to ../../build/robot_startup/robot_startup.egg-info/dependency_links.txt
writing entry points to ../../build/robot_startup/robot_startup.egg-info/entry_points.txt
writing requirements to ../../build/robot_startup/robot_startup.egg-info/requires.txt
writing top-level names to ../../build/robot_startup/robot_startup.egg-info/top_level.txt
writing manifest file '../../build/robot_startup/robot_startup.egg-info/SOURCES.txt'
reading manifest file '../../build/robot_startup/robot_startup.egg-info/SOURCES.txt'
writing manifest file '../../build/robot_startup/robot_startup.egg-info/SOURCES.txt'
running build
running build_py
creating /home/evas/Robopoint_Humble/build/robot_startup/build
creating /home/evas/Robopoint_Humble/build/robot_startup/build/lib
creating /home/evas/Robopoint_Humble/build/robot_startup/build/lib/robot_startup
copying robot_startup/__init__.py -> /home/evas/Robopoint_Humble/build/robot_startup/build/lib/robot_startup
running install
running install_lib
creating /home/evas/Robopoint_Humble/install/robot_startup/lib/python3.10/site-packages/robot_startup
copying /home/evas/Robopoint_Humble/build/robot_startup/build/lib/robot_startup/__init__.py -> /home/evas/Robopoint_Humble/install/robot_startup/lib/python3.10/site-packages/robot_startup
byte-compiling /home/evas/Robopoint_Humble/install/robot_startup/lib/python3.10/site-packages/robot_startup/__init__.py to __init__.cpython-310.pyc
running install_data
creating /home/evas/Robopoint_Humble/install/robot_startup/share/ament_index
creating /home/evas/Robopoint_Humble/install/robot_startup/share/ament_index/resource_index
creating /home/evas/Robopoint_Humble/install/robot_startup/share/ament_index/resource_index/packages
copying resource/robot_startup -> /home/evas/Robopoint_Humble/install/robot_startup/share/ament_index/resource_index/packages
copying package.xml -> /home/evas/Robopoint_Humble/install/robot_startup/share/robot_startup
creating /home/evas/Robopoint_Humble/install/robot_startup/share/robot_startup/launch
copying launch/full_system.launch.py -> /home/evas/Robopoint_Humble/install/robot_startup/share/robot_startup/launch
creating /home/evas/Robopoint_Humble/install/robot_startup/share/robot_startup/rviz
copying rviz/xsarm_description.rviz -> /home/evas/Robopoint_Humble/install/robot_startup/share/robot_startup/rviz
running install_egg_info
Copying ../../build/robot_startup/robot_startup.egg-info to /home/evas/Robopoint_Humble/install/robot_startup/lib/python3.10/site-packages/robot_startup-0.0.0-py3.10.egg-info
running install_scripts
Installing move_arm_node script to /home/evas/Robopoint_Humble/install/robot_startup/lib/robot_startup
writing list of installed files to '/home/evas/Robopoint_Humble/build/robot_startup/install.log'
