[1.542s] Invoking command in '/home/evas/Robopoint_Humble/src/robot_startup': PYTHONPATH=/home/evas/Robopoint_Humble/build/robot_startup/prefix_override:/usr/lib/python3/dist-packages/colcon_core/task/python/colcon_distutils_commands:/home/evas/Robopoint_Humble/install/robot_startup/lib/python3.10/site-packages:${PYTHONPATH} /usr/bin/python3 -W ignore:setup.py install is deprecated -W ignore:easy_install command is deprecated setup.py egg_info --egg-base ../../build/robot_startup build --build-base /home/evas/Robopoint_Humble/build/robot_startup/build install --record /home/evas/Robopoint_Humble/build/robot_startup/install.log --single-version-externally-managed install_data
[1.813s] running egg_info
[1.813s] creating ../../build/robot_startup/robot_startup.egg-info
[1.813s] writing ../../build/robot_startup/robot_startup.egg-info/PKG-INFO
[1.813s] writing dependency_links to ../../build/robot_startup/robot_startup.egg-info/dependency_links.txt
[1.814s] writing entry points to ../../build/robot_startup/robot_startup.egg-info/entry_points.txt
[1.814s] writing requirements to ../../build/robot_startup/robot_startup.egg-info/requires.txt
[1.814s] writing top-level names to ../../build/robot_startup/robot_startup.egg-info/top_level.txt
[1.814s] writing manifest file '../../build/robot_startup/robot_startup.egg-info/SOURCES.txt'
[1.816s] reading manifest file '../../build/robot_startup/robot_startup.egg-info/SOURCES.txt'
[1.817s] writing manifest file '../../build/robot_startup/robot_startup.egg-info/SOURCES.txt'
[1.817s] running build
[1.817s] running build_py
[1.817s] creating /home/evas/Robopoint_Humble/build/robot_startup/build
[1.817s] creating /home/evas/Robopoint_Humble/build/robot_startup/build/lib
[1.817s] creating /home/evas/Robopoint_Humble/build/robot_startup/build/lib/robot_startup
[1.817s] copying robot_startup/__init__.py -> /home/evas/Robopoint_Humble/build/robot_startup/build/lib/robot_startup
[1.817s] running install
[1.818s] running install_lib
[1.819s] creating /home/evas/Robopoint_Humble/install/robot_startup/lib/python3.10/site-packages/robot_startup
[1.819s] copying /home/evas/Robopoint_Humble/build/robot_startup/build/lib/robot_startup/__init__.py -> /home/evas/Robopoint_Humble/install/robot_startup/lib/python3.10/site-packages/robot_startup
[1.819s] byte-compiling /home/evas/Robopoint_Humble/install/robot_startup/lib/python3.10/site-packages/robot_startup/__init__.py to __init__.cpython-310.pyc
[1.819s] running install_data
[1.820s] creating /home/evas/Robopoint_Humble/install/robot_startup/share/ament_index
[1.820s] creating /home/evas/Robopoint_Humble/install/robot_startup/share/ament_index/resource_index
[1.820s] creating /home/evas/Robopoint_Humble/install/robot_startup/share/ament_index/resource_index/packages
[1.820s] copying resource/robot_startup -> /home/evas/Robopoint_Humble/install/robot_startup/share/ament_index/resource_index/packages
[1.820s] copying package.xml -> /home/evas/Robopoint_Humble/install/robot_startup/share/robot_startup
[1.820s] creating /home/evas/Robopoint_Humble/install/robot_startup/share/robot_startup/launch
[1.820s] copying launch/full_system.launch.py -> /home/evas/Robopoint_Humble/install/robot_startup/share/robot_startup/launch
[1.820s] creating /home/evas/Robopoint_Humble/install/robot_startup/share/robot_startup/rviz
[1.820s] copying rviz/xsarm_description.rviz -> /home/evas/Robopoint_Humble/install/robot_startup/share/robot_startup/rviz
[1.820s] running install_egg_info
[1.823s] Copying ../../build/robot_startup/robot_startup.egg-info to /home/evas/Robopoint_Humble/install/robot_startup/lib/python3.10/site-packages/robot_startup-0.0.0-py3.10.egg-info
[1.823s] running install_scripts
[1.852s] Installing move_arm_node script to /home/evas/Robopoint_Humble/install/robot_startup/lib/robot_startup
[1.853s] writing list of installed files to '/home/evas/Robopoint_Humble/build/robot_startup/install.log'
[1.881s] Invoked command in '/home/evas/Robopoint_Humble/src/robot_startup' returned '0': PYTHONPATH=/home/evas/Robopoint_Humble/build/robot_startup/prefix_override:/usr/lib/python3/dist-packages/colcon_core/task/python/colcon_distutils_commands:/home/evas/Robopoint_Humble/install/robot_startup/lib/python3.10/site-packages:${PYTHONPATH} /usr/bin/python3 -W ignore:setup.py install is deprecated -W ignore:easy_install command is deprecated setup.py egg_info --egg-base ../../build/robot_startup build --build-base /home/evas/Robopoint_Humble/build/robot_startup/build install --record /home/evas/Robopoint_Humble/build/robot_startup/install.log --single-version-externally-managed install_data
