[1.023s] Invoking command in '/home/evas/Robopoint_Humble/src/interbotix_ros_toolboxes/interbotix_perception_toolbox/interbotix_perception_modules': AMENT_PREFIX_PATH=/home/evas/Robopoint_Humble/install/interbotix_perception_pipelines:/home/evas/Robopoint_Humble/install/interbotix_xs_msgs:/home/evas/Robopoint_Humble/install/interbotix_perception_msgs:/home/evas/Robopoint_Humble/install/interbotix_common_modules:${AMENT_PREFIX_PATH} CMAKE_PREFIX_PATH=/home/evas/Robopoint_Humble/install/interbotix_perception_pipelines:/home/evas/Robopoint_Humble/install/interbotix_xs_msgs:/home/evas/Robopoint_Humble/install/interbotix_perception_msgs:${CMAKE_PREFIX_PATH} LD_LIBRARY_PATH=/home/evas/Robopoint_Humble/install/interbotix_xs_msgs/lib:/home/evas/Robopoint_Humble/install/interbotix_perception_msgs/lib:${LD_LIBRARY_PATH} PYTHONPATH=/home/evas/Robopoint_Humble/build/interbotix_perception_modules/prefix_override:/usr/lib/python3/dist-packages/colcon_core/task/python/colcon_distutils_commands:/home/evas/Robopoint_Humble/install/interbotix_perception_modules/lib/python3.10/site-packages:/home/evas/Robopoint_Humble/install/interbotix_xs_msgs/local/lib/python3.10/dist-packages:/home/evas/Robopoint_Humble/install/interbotix_perception_msgs/local/lib/python3.10/dist-packages:/home/evas/Robopoint_Humble/install/interbotix_common_modules/lib/python3.10/site-packages:${PYTHONPATH} /usr/bin/python3 -W ignore:setup.py install is deprecated -W ignore:easy_install command is deprecated setup.py egg_info --egg-base ../../../../build/interbotix_perception_modules build --build-base /home/evas/Robopoint_Humble/build/interbotix_perception_modules/build install --record /home/evas/Robopoint_Humble/build/interbotix_perception_modules/install.log --single-version-externally-managed install_data
[1.248s] running egg_info
[1.248s] writing ../../../../build/interbotix_perception_modules/interbotix_perception_modules.egg-info/PKG-INFO
[1.249s] writing dependency_links to ../../../../build/interbotix_perception_modules/interbotix_perception_modules.egg-info/dependency_links.txt
[1.249s] writing entry points to ../../../../build/interbotix_perception_modules/interbotix_perception_modules.egg-info/entry_points.txt
[1.249s] writing requirements to ../../../../build/interbotix_perception_modules/interbotix_perception_modules.egg-info/requires.txt
[1.249s] writing top-level names to ../../../../build/interbotix_perception_modules/interbotix_perception_modules.egg-info/top_level.txt
[1.250s] reading manifest file '../../../../build/interbotix_perception_modules/interbotix_perception_modules.egg-info/SOURCES.txt'
[1.251s] writing manifest file '../../../../build/interbotix_perception_modules/interbotix_perception_modules.egg-info/SOURCES.txt'
[1.251s] running build
[1.252s] running build_py
[1.252s] running install
[1.252s] running install_lib
[1.254s] running install_data
[1.254s] running install_egg_info
[1.256s] removing '/home/evas/Robopoint_Humble/install/interbotix_perception_modules/lib/python3.10/site-packages/interbotix_perception_modules-0.0.0-py3.10.egg-info' (and everything under it)
[1.256s] Copying ../../../../build/interbotix_perception_modules/interbotix_perception_modules.egg-info to /home/evas/Robopoint_Humble/install/interbotix_perception_modules/lib/python3.10/site-packages/interbotix_perception_modules-0.0.0-py3.10.egg-info
[1.257s] running install_scripts
[1.278s] Installing armtag_tuner_gui script to /home/evas/Robopoint_Humble/install/interbotix_perception_modules/lib/interbotix_perception_modules
[1.278s] Installing picture_snapper script to /home/evas/Robopoint_Humble/install/interbotix_perception_modules/lib/interbotix_perception_modules
[1.278s] Installing pointcloud_tuner_gui script to /home/evas/Robopoint_Humble/install/interbotix_perception_modules/lib/interbotix_perception_modules
[1.279s] writing list of installed files to '/home/evas/Robopoint_Humble/build/interbotix_perception_modules/install.log'
[1.304s] Invoked command in '/home/evas/Robopoint_Humble/src/interbotix_ros_toolboxes/interbotix_perception_toolbox/interbotix_perception_modules' returned '0': AMENT_PREFIX_PATH=/home/evas/Robopoint_Humble/install/interbotix_perception_pipelines:/home/evas/Robopoint_Humble/install/interbotix_xs_msgs:/home/evas/Robopoint_Humble/install/interbotix_perception_msgs:/home/evas/Robopoint_Humble/install/interbotix_common_modules:${AMENT_PREFIX_PATH} CMAKE_PREFIX_PATH=/home/evas/Robopoint_Humble/install/interbotix_perception_pipelines:/home/evas/Robopoint_Humble/install/interbotix_xs_msgs:/home/evas/Robopoint_Humble/install/interbotix_perception_msgs:${CMAKE_PREFIX_PATH} LD_LIBRARY_PATH=/home/evas/Robopoint_Humble/install/interbotix_xs_msgs/lib:/home/evas/Robopoint_Humble/install/interbotix_perception_msgs/lib:${LD_LIBRARY_PATH} PYTHONPATH=/home/evas/Robopoint_Humble/build/interbotix_perception_modules/prefix_override:/usr/lib/python3/dist-packages/colcon_core/task/python/colcon_distutils_commands:/home/evas/Robopoint_Humble/install/interbotix_perception_modules/lib/python3.10/site-packages:/home/evas/Robopoint_Humble/install/interbotix_xs_msgs/local/lib/python3.10/dist-packages:/home/evas/Robopoint_Humble/install/interbotix_perception_msgs/local/lib/python3.10/dist-packages:/home/evas/Robopoint_Humble/install/interbotix_common_modules/lib/python3.10/site-packages:${PYTHONPATH} /usr/bin/python3 -W ignore:setup.py install is deprecated -W ignore:easy_install command is deprecated setup.py egg_info --egg-base ../../../../build/interbotix_perception_modules build --build-base /home/evas/Robopoint_Humble/build/interbotix_perception_modules/build install --record /home/evas/Robopoint_Humble/build/interbotix_perception_modules/install.log --single-version-externally-managed install_data
