[1.886s] Invoking command in '/home/evas/Robopoint_Humble/src/robot_control': PYTHONPATH=/home/evas/Robopoint_Humble/build/robot_control/prefix_override:/usr/lib/python3/dist-packages/colcon_core/task/python/colcon_distutils_commands:/home/evas/Robopoint_Humble/install/robot_control/lib/python3.10/site-packages:${PYTHONPATH} /usr/bin/python3 -W ignore:setup.py install is deprecated -W ignore:easy_install command is deprecated setup.py egg_info --egg-base ../../build/robot_control build --build-base /home/evas/Robopoint_Humble/build/robot_control/build install --record /home/evas/Robopoint_Humble/build/robot_control/install.log --single-version-externally-managed install_data
[2.193s] running egg_info
[2.194s] writing ../../build/robot_control/robot_control.egg-info/PKG-INFO
[2.194s] writing dependency_links to ../../build/robot_control/robot_control.egg-info/dependency_links.txt
[2.194s] writing entry points to ../../build/robot_control/robot_control.egg-info/entry_points.txt
[2.194s] writing requirements to ../../build/robot_control/robot_control.egg-info/requires.txt
[2.195s] writing top-level names to ../../build/robot_control/robot_control.egg-info/top_level.txt
[2.198s] reading manifest file '../../build/robot_control/robot_control.egg-info/SOURCES.txt'
[2.198s] adding license file 'LICENSE'
[2.199s] writing manifest file '../../build/robot_control/robot_control.egg-info/SOURCES.txt'
[2.199s] running build
[2.199s] running build_py
[2.200s] running install
[2.200s] running install_lib
[2.201s] running install_data
[2.203s] running install_egg_info
[2.204s] removing '/home/evas/Robopoint_Humble/install/robot_control/lib/python3.10/site-packages/robot_control-0.0.0-py3.10.egg-info' (and everything under it)
[2.204s] Copying ../../build/robot_control/robot_control.egg-info to /home/evas/Robopoint_Humble/install/robot_control/lib/python3.10/site-packages/robot_control-0.0.0-py3.10.egg-info
[2.205s] running install_scripts
[2.229s] Installing move_arm script to /home/evas/Robopoint_Humble/install/robot_control/lib/robot_control
[2.230s] writing list of installed files to '/home/evas/Robopoint_Humble/build/robot_control/install.log'
[2.260s] Invoked command in '/home/evas/Robopoint_Humble/src/robot_control' returned '0': PYTHONPATH=/home/evas/Robopoint_Humble/build/robot_control/prefix_override:/usr/lib/python3/dist-packages/colcon_core/task/python/colcon_distutils_commands:/home/evas/Robopoint_Humble/install/robot_control/lib/python3.10/site-packages:${PYTHONPATH} /usr/bin/python3 -W ignore:setup.py install is deprecated -W ignore:easy_install command is deprecated setup.py egg_info --egg-base ../../build/robot_control build --build-base /home/evas/Robopoint_Humble/build/robot_control/build install --record /home/evas/Robopoint_Humble/build/robot_control/install.log --single-version-externally-managed install_data
