[1.694s] Invoking command in '/home/evas/Robopoint_Humble/src/robot_startup': PYTHONPATH=/home/evas/Robopoint_Humble/build/robot_startup/prefix_override:/usr/lib/python3/dist-packages/colcon_core/task/python/colcon_distutils_commands:/home/evas/Robopoint_Humble/install/robot_startup/lib/python3.10/site-packages:${PYTHONPATH} /usr/bin/python3 -W ignore:setup.py install is deprecated -W ignore:easy_install command is deprecated setup.py egg_info --egg-base ../../build/robot_startup build --build-base /home/evas/Robopoint_Humble/build/robot_startup/build install --record /home/evas/Robopoint_Humble/build/robot_startup/install.log --single-version-externally-managed install_data
[2.003s] running egg_info
[2.005s] writing ../../build/robot_startup/robot_startup.egg-info/PKG-INFO
[2.005s] writing dependency_links to ../../build/robot_startup/robot_startup.egg-info/dependency_links.txt
[2.005s] writing entry points to ../../build/robot_startup/robot_startup.egg-info/entry_points.txt
[2.005s] writing requirements to ../../build/robot_startup/robot_startup.egg-info/requires.txt
[2.005s] writing top-level names to ../../build/robot_startup/robot_startup.egg-info/top_level.txt
[2.008s] reading manifest file '../../build/robot_startup/robot_startup.egg-info/SOURCES.txt'
[2.008s] writing manifest file '../../build/robot_startup/robot_startup.egg-info/SOURCES.txt'
[2.008s] running build
[2.008s] running build_py
[2.009s] running install
[2.009s] running install_lib
[2.010s] running install_data
[2.011s] running install_egg_info
[2.012s] removing '/home/evas/Robopoint_Humble/install/robot_startup/lib/python3.10/site-packages/robot_startup-0.0.0-py3.10.egg-info' (and everything under it)
[2.014s] Copying ../../build/robot_startup/robot_startup.egg-info to /home/evas/Robopoint_Humble/install/robot_startup/lib/python3.10/site-packages/robot_startup-0.0.0-py3.10.egg-info
[2.014s] running install_scripts
[2.041s] Installing move_arm_node script to /home/evas/Robopoint_Humble/install/robot_startup/lib/robot_startup
[2.041s] writing list of installed files to '/home/evas/Robopoint_Humble/build/robot_startup/install.log'
[2.128s] Invoked command in '/home/evas/Robopoint_Humble/src/robot_startup' returned '0': PYTHONPATH=/home/evas/Robopoint_Humble/build/robot_startup/prefix_override:/usr/lib/python3/dist-packages/colcon_core/task/python/colcon_distutils_commands:/home/evas/Robopoint_Humble/install/robot_startup/lib/python3.10/site-packages:${PYTHONPATH} /usr/bin/python3 -W ignore:setup.py install is deprecated -W ignore:easy_install command is deprecated setup.py egg_info --egg-base ../../build/robot_startup build --build-base /home/evas/Robopoint_Humble/build/robot_startup/build install --record /home/evas/Robopoint_Humble/build/robot_startup/install.log --single-version-externally-managed install_data
