[1.354s] Invoking command in '/home/evas/Robopoint_Humble/src/interbotix_ros_toolboxes/interbotix_common_toolbox/interbotix_common_modules': PYTHONPATH=/home/evas/Robopoint_Humble/build/interbotix_common_modules/prefix_override:/usr/lib/python3/dist-packages/colcon_core/task/python/colcon_distutils_commands:/home/evas/Robopoint_Humble/install/interbotix_common_modules/lib/python3.10/site-packages:${PYTHONPATH} /usr/bin/python3 -W ignore:setup.py install is deprecated -W ignore:easy_install command is deprecated setup.py egg_info --egg-base ../../../../build/interbotix_common_modules build --build-base /home/evas/Robopoint_Humble/build/interbotix_common_modules/build install --record /home/evas/Robopoint_Humble/build/interbotix_common_modules/install.log --single-version-externally-managed install_data
[1.660s] running egg_info
[1.661s] creating ../../../../build/interbotix_common_modules/interbotix_common_modules.egg-info
[1.661s] writing ../../../../build/interbotix_common_modules/interbotix_common_modules.egg-info/PKG-INFO
[1.661s] writing dependency_links to ../../../../build/interbotix_common_modules/interbotix_common_modules.egg-info/dependency_links.txt
[1.661s] writing entry points to ../../../../build/interbotix_common_modules/interbotix_common_modules.egg-info/entry_points.txt
[1.661s] writing requirements to ../../../../build/interbotix_common_modules/interbotix_common_modules.egg-info/requires.txt
[1.661s] writing top-level names to ../../../../build/interbotix_common_modules/interbotix_common_modules.egg-info/top_level.txt
[1.661s] writing manifest file '../../../../build/interbotix_common_modules/interbotix_common_modules.egg-info/SOURCES.txt'
[1.664s] reading manifest file '../../../../build/interbotix_common_modules/interbotix_common_modules.egg-info/SOURCES.txt'
[1.665s] writing manifest file '../../../../build/interbotix_common_modules/interbotix_common_modules.egg-info/SOURCES.txt'
[1.665s] running build
[1.665s] running build_py
[1.665s] creating /home/evas/Robopoint_Humble/build/interbotix_common_modules/build
[1.665s] creating /home/evas/Robopoint_Humble/build/interbotix_common_modules/build/lib
[1.665s] creating /home/evas/Robopoint_Humble/build/interbotix_common_modules/build/lib/interbotix_common_modules
[1.665s] copying interbotix_common_modules/__init__.py -> /home/evas/Robopoint_Humble/build/interbotix_common_modules/build/lib/interbotix_common_modules
[1.665s] creating /home/evas/Robopoint_Humble/build/interbotix_common_modules/build/lib/interbotix_common_modules/launch
[1.665s] copying interbotix_common_modules/launch/or_condition.py -> /home/evas/Robopoint_Humble/build/interbotix_common_modules/build/lib/interbotix_common_modules/launch
[1.665s] copying interbotix_common_modules/launch/and_condition.py -> /home/evas/Robopoint_Humble/build/interbotix_common_modules/build/lib/interbotix_common_modules/launch
[1.665s] copying interbotix_common_modules/launch/__init__.py -> /home/evas/Robopoint_Humble/build/interbotix_common_modules/build/lib/interbotix_common_modules/launch
[1.665s] creating /home/evas/Robopoint_Humble/build/interbotix_common_modules/build/lib/interbotix_common_modules/py_common
[1.666s] copying interbotix_common_modules/py_common/params.py -> /home/evas/Robopoint_Humble/build/interbotix_common_modules/build/lib/interbotix_common_modules/py_common
[1.666s] copying interbotix_common_modules/py_common/__init__.py -> /home/evas/Robopoint_Humble/build/interbotix_common_modules/build/lib/interbotix_common_modules/py_common
[1.666s] creating /home/evas/Robopoint_Humble/build/interbotix_common_modules/build/lib/interbotix_common_modules/angle_manipulation
[1.666s] copying interbotix_common_modules/angle_manipulation/angle_manipulation.py -> /home/evas/Robopoint_Humble/build/interbotix_common_modules/build/lib/interbotix_common_modules/angle_manipulation
[1.666s] copying interbotix_common_modules/angle_manipulation/__init__.py -> /home/evas/Robopoint_Humble/build/interbotix_common_modules/build/lib/interbotix_common_modules/angle_manipulation
[1.666s] creating /home/evas/Robopoint_Humble/build/interbotix_common_modules/build/lib/interbotix_common_modules/common_robot
[1.666s] copying interbotix_common_modules/common_robot/robot.py -> /home/evas/Robopoint_Humble/build/interbotix_common_modules/build/lib/interbotix_common_modules/common_robot
[1.666s] copying interbotix_common_modules/common_robot/exceptions.py -> /home/evas/Robopoint_Humble/build/interbotix_common_modules/build/lib/interbotix_common_modules/common_robot
[1.667s] copying interbotix_common_modules/common_robot/__init__.py -> /home/evas/Robopoint_Humble/build/interbotix_common_modules/build/lib/interbotix_common_modules/common_robot
[1.667s] running install
[1.667s] running install_lib
[1.668s] creating /home/evas/Robopoint_Humble/install/interbotix_common_modules/lib/python3.10/site-packages/interbotix_common_modules
[1.668s] creating /home/evas/Robopoint_Humble/install/interbotix_common_modules/lib/python3.10/site-packages/interbotix_common_modules/launch
[1.668s] copying /home/evas/Robopoint_Humble/build/interbotix_common_modules/build/lib/interbotix_common_modules/launch/or_condition.py -> /home/evas/Robopoint_Humble/install/interbotix_common_modules/lib/python3.10/site-packages/interbotix_common_modules/launch
[1.668s] copying /home/evas/Robopoint_Humble/build/interbotix_common_modules/build/lib/interbotix_common_modules/launch/and_condition.py -> /home/evas/Robopoint_Humble/install/interbotix_common_modules/lib/python3.10/site-packages/interbotix_common_modules/launch
[1.668s] copying /home/evas/Robopoint_Humble/build/interbotix_common_modules/build/lib/interbotix_common_modules/launch/__init__.py -> /home/evas/Robopoint_Humble/install/interbotix_common_modules/lib/python3.10/site-packages/interbotix_common_modules/launch
[1.669s] creating /home/evas/Robopoint_Humble/install/interbotix_common_modules/lib/python3.10/site-packages/interbotix_common_modules/py_common
[1.669s] copying /home/evas/Robopoint_Humble/build/interbotix_common_modules/build/lib/interbotix_common_modules/py_common/params.py -> /home/evas/Robopoint_Humble/install/interbotix_common_modules/lib/python3.10/site-packages/interbotix_common_modules/py_common
[1.669s] copying /home/evas/Robopoint_Humble/build/interbotix_common_modules/build/lib/interbotix_common_modules/py_common/__init__.py -> /home/evas/Robopoint_Humble/install/interbotix_common_modules/lib/python3.10/site-packages/interbotix_common_modules/py_common
[1.669s] creating /home/evas/Robopoint_Humble/install/interbotix_common_modules/lib/python3.10/site-packages/interbotix_common_modules/angle_manipulation
[1.669s] copying /home/evas/Robopoint_Humble/build/interbotix_common_modules/build/lib/interbotix_common_modules/angle_manipulation/angle_manipulation.py -> /home/evas/Robopoint_Humble/install/interbotix_common_modules/lib/python3.10/site-packages/interbotix_common_modules/angle_manipulation
[1.669s] copying /home/evas/Robopoint_Humble/build/interbotix_common_modules/build/lib/interbotix_common_modules/angle_manipulation/__init__.py -> /home/evas/Robopoint_Humble/install/interbotix_common_modules/lib/python3.10/site-packages/interbotix_common_modules/angle_manipulation
[1.669s] creating /home/evas/Robopoint_Humble/install/interbotix_common_modules/lib/python3.10/site-packages/interbotix_common_modules/common_robot
[1.669s] copying /home/evas/Robopoint_Humble/build/interbotix_common_modules/build/lib/interbotix_common_modules/common_robot/robot.py -> /home/evas/Robopoint_Humble/install/interbotix_common_modules/lib/python3.10/site-packages/interbotix_common_modules/common_robot
[1.669s] copying /home/evas/Robopoint_Humble/build/interbotix_common_modules/build/lib/interbotix_common_modules/common_robot/exceptions.py -> /home/evas/Robopoint_Humble/install/interbotix_common_modules/lib/python3.10/site-packages/interbotix_common_modules/common_robot
[1.669s] copying /home/evas/Robopoint_Humble/build/interbotix_common_modules/build/lib/interbotix_common_modules/common_robot/__init__.py -> /home/evas/Robopoint_Humble/install/interbotix_common_modules/lib/python3.10/site-packages/interbotix_common_modules/common_robot
[1.670s] copying /home/evas/Robopoint_Humble/build/interbotix_common_modules/build/lib/interbotix_common_modules/__init__.py -> /home/evas/Robopoint_Humble/install/interbotix_common_modules/lib/python3.10/site-packages/interbotix_common_modules
[1.670s] byte-compiling /home/evas/Robopoint_Humble/install/interbotix_common_modules/lib/python3.10/site-packages/interbotix_common_modules/launch/or_condition.py to or_condition.cpython-310.pyc
[1.671s] byte-compiling /home/evas/Robopoint_Humble/install/interbotix_common_modules/lib/python3.10/site-packages/interbotix_common_modules/launch/and_condition.py to and_condition.cpython-310.pyc
[1.671s] byte-compiling /home/evas/Robopoint_Humble/install/interbotix_common_modules/lib/python3.10/site-packages/interbotix_common_modules/launch/__init__.py to __init__.cpython-310.pyc
[1.672s] byte-compiling /home/evas/Robopoint_Humble/install/interbotix_common_modules/lib/python3.10/site-packages/interbotix_common_modules/py_common/params.py to params.cpython-310.pyc
[1.672s] byte-compiling /home/evas/Robopoint_Humble/install/interbotix_common_modules/lib/python3.10/site-packages/interbotix_common_modules/py_common/__init__.py to __init__.cpython-310.pyc
[1.672s] byte-compiling /home/evas/Robopoint_Humble/install/interbotix_common_modules/lib/python3.10/site-packages/interbotix_common_modules/angle_manipulation/angle_manipulation.py to angle_manipulation.cpython-310.pyc
[1.673s] byte-compiling /home/evas/Robopoint_Humble/install/interbotix_common_modules/lib/python3.10/site-packages/interbotix_common_modules/angle_manipulation/__init__.py to __init__.cpython-310.pyc
[1.673s] byte-compiling /home/evas/Robopoint_Humble/install/interbotix_common_modules/lib/python3.10/site-packages/interbotix_common_modules/common_robot/robot.py to robot.cpython-310.pyc
[1.674s] byte-compiling /home/evas/Robopoint_Humble/install/interbotix_common_modules/lib/python3.10/site-packages/interbotix_common_modules/common_robot/exceptions.py to exceptions.cpython-310.pyc
[1.674s] byte-compiling /home/evas/Robopoint_Humble/install/interbotix_common_modules/lib/python3.10/site-packages/interbotix_common_modules/common_robot/__init__.py to __init__.cpython-310.pyc
[1.675s] byte-compiling /home/evas/Robopoint_Humble/install/interbotix_common_modules/lib/python3.10/site-packages/interbotix_common_modules/__init__.py to __init__.cpython-310.pyc
[1.675s] running install_data
[1.675s] creating /home/evas/Robopoint_Humble/install/interbotix_common_modules/share/ament_index
[1.675s] creating /home/evas/Robopoint_Humble/install/interbotix_common_modules/share/ament_index/resource_index
[1.675s] creating /home/evas/Robopoint_Humble/install/interbotix_common_modules/share/ament_index/resource_index/packages
[1.675s] copying resource/interbotix_common_modules -> /home/evas/Robopoint_Humble/install/interbotix_common_modules/share/ament_index/resource_index/packages
[1.675s] copying package.xml -> /home/evas/Robopoint_Humble/install/interbotix_common_modules/share/interbotix_common_modules
[1.675s] running install_egg_info
[1.678s] Copying ../../../../build/interbotix_common_modules/interbotix_common_modules.egg-info to /home/evas/Robopoint_Humble/install/interbotix_common_modules/lib/python3.10/site-packages/interbotix_common_modules-0.0.0-py3.10.egg-info
[1.679s] running install_scripts
[1.707s] writing list of installed files to '/home/evas/Robopoint_Humble/build/interbotix_common_modules/install.log'
[1.736s] Invoked command in '/home/evas/Robopoint_Humble/src/interbotix_ros_toolboxes/interbotix_common_toolbox/interbotix_common_modules' returned '0': PYTHONPATH=/home/evas/Robopoint_Humble/build/interbotix_common_modules/prefix_override:/usr/lib/python3/dist-packages/colcon_core/task/python/colcon_distutils_commands:/home/evas/Robopoint_Humble/install/interbotix_common_modules/lib/python3.10/site-packages:${PYTHONPATH} /usr/bin/python3 -W ignore:setup.py install is deprecated -W ignore:easy_install command is deprecated setup.py egg_info --egg-base ../../../../build/interbotix_common_modules build --build-base /home/evas/Robopoint_Humble/build/interbotix_common_modules/build install --record /home/evas/Robopoint_Humble/build/interbotix_common_modules/install.log --single-version-externally-managed install_data
