[1.517s] Invoking command in '/home/evas/Robopoint_Humble/src/image_projector': PYTHONPATH=/home/evas/Robopoint_Humble/build/image_projector/prefix_override:/usr/lib/python3/dist-packages/colcon_core/task/python/colcon_distutils_commands:/home/evas/Robopoint_Humble/install/image_projector/lib/python3.10/site-packages:${PYTHONPATH} /usr/bin/python3 -W ignore:setup.py install is deprecated -W ignore:easy_install command is deprecated setup.py egg_info --egg-base ../../build/image_projector build --build-base /home/evas/Robopoint_Humble/build/image_projector/build install --record /home/evas/Robopoint_Humble/build/image_projector/install.log --single-version-externally-managed install_data
[1.750s] running egg_info
[1.751s] writing ../../build/image_projector/image_projector.egg-info/PKG-INFO
[1.751s] writing dependency_links to ../../build/image_projector/image_projector.egg-info/dependency_links.txt
[1.751s] writing entry points to ../../build/image_projector/image_projector.egg-info/entry_points.txt
[1.751s] writing requirements to ../../build/image_projector/image_projector.egg-info/requires.txt
[1.751s] writing top-level names to ../../build/image_projector/image_projector.egg-info/top_level.txt
[1.753s] reading manifest file '../../build/image_projector/image_projector.egg-info/SOURCES.txt'
[1.753s] writing manifest file '../../build/image_projector/image_projector.egg-info/SOURCES.txt'
[1.753s] running build
[1.754s] running build_py
[1.754s] copying image_projector/image_projector.py -> /home/evas/Robopoint_Humble/build/image_projector/build/lib/image_projector
[1.754s] running install
[1.754s] running install_lib
[1.755s] copying /home/evas/Robopoint_Humble/build/image_projector/build/lib/image_projector/image_projector.py -> /home/evas/Robopoint_Humble/install/image_projector/lib/python3.10/site-packages/image_projector
[1.756s] byte-compiling /home/evas/Robopoint_Humble/install/image_projector/lib/python3.10/site-packages/image_projector/image_projector.py to image_projector.cpython-310.pyc
[1.756s] running install_data
[1.756s] running install_egg_info
[1.758s] removing '/home/evas/Robopoint_Humble/install/image_projector/lib/python3.10/site-packages/image_projector-0.0.0-py3.10.egg-info' (and everything under it)
[1.759s] Copying ../../build/image_projector/image_projector.egg-info to /home/evas/Robopoint_Humble/install/image_projector/lib/python3.10/site-packages/image_projector-0.0.0-py3.10.egg-info
[1.759s] running install_scripts
[1.780s] Installing image_projector script to /home/evas/Robopoint_Humble/install/image_projector/lib/image_projector
[1.780s] Installing realsense_projector script to /home/evas/Robopoint_Humble/install/image_projector/lib/image_projector
[1.780s] writing list of installed files to '/home/evas/Robopoint_Humble/build/image_projector/install.log'
[1.811s] Invoked command in '/home/evas/Robopoint_Humble/src/image_projector' returned '0': PYTHONPATH=/home/evas/Robopoint_Humble/build/image_projector/prefix_override:/usr/lib/python3/dist-packages/colcon_core/task/python/colcon_distutils_commands:/home/evas/Robopoint_Humble/install/image_projector/lib/python3.10/site-packages:${PYTHONPATH} /usr/bin/python3 -W ignore:setup.py install is deprecated -W ignore:easy_install command is deprecated setup.py egg_info --egg-base ../../build/image_projector build --build-base /home/evas/Robopoint_Humble/build/image_projector/build install --record /home/evas/Robopoint_Humble/build/image_projector/install.log --single-version-externally-managed install_data
