[1.600s] Invoking command in '/home/evas/Robopoint_Humble/src/image_projector': PYTHONPATH=/home/evas/Robopoint_Humble/build/image_projector/prefix_override:/usr/lib/python3/dist-packages/colcon_core/task/python/colcon_distutils_commands:/home/evas/Robopoint_Humble/install/image_projector/lib/python3.10/site-packages:${PYTHONPATH} /usr/bin/python3 -W ignore:setup.py install is deprecated -W ignore:easy_install command is deprecated setup.py egg_info --egg-base ../../build/image_projector build --build-base /home/evas/Robopoint_Humble/build/image_projector/build install --record /home/evas/Robopoint_Humble/build/image_projector/install.log --single-version-externally-managed install_data
[2.008s] running egg_info
[2.008s] creating ../../build/image_projector/image_projector.egg-info
[2.008s] writing ../../build/image_projector/image_projector.egg-info/PKG-INFO
[2.010s] writing dependency_links to ../../build/image_projector/image_projector.egg-info/dependency_links.txt
[2.010s] writing entry points to ../../build/image_projector/image_projector.egg-info/entry_points.txt
[2.010s] writing requirements to ../../build/image_projector/image_projector.egg-info/requires.txt
[2.012s] writing top-level names to ../../build/image_projector/image_projector.egg-info/top_level.txt
[2.012s] writing manifest file '../../build/image_projector/image_projector.egg-info/SOURCES.txt'
[2.015s] reading manifest file '../../build/image_projector/image_projector.egg-info/SOURCES.txt'
[2.015s] writing manifest file '../../build/image_projector/image_projector.egg-info/SOURCES.txt'
[2.015s] running build
[2.015s] running build_py
[2.015s] creating /home/evas/Robopoint_Humble/build/image_projector/build
[2.016s] creating /home/evas/Robopoint_Humble/build/image_projector/build/lib
[2.017s] creating /home/evas/Robopoint_Humble/build/image_projector/build/lib/image_projector
[2.017s] copying image_projector/realsense_projector.py -> /home/evas/Robopoint_Humble/build/image_projector/build/lib/image_projector
[2.018s] copying image_projector/image_projector.py -> /home/evas/Robopoint_Humble/build/image_projector/build/lib/image_projector
[2.018s] copying image_projector/__init__.py -> /home/evas/Robopoint_Humble/build/image_projector/build/lib/image_projector
[2.018s] running install
[2.019s] running install_lib
[2.021s] creating /home/evas/Robopoint_Humble/install/image_projector/lib/python3.10/site-packages/image_projector
[2.021s] copying /home/evas/Robopoint_Humble/build/image_projector/build/lib/image_projector/realsense_projector.py -> /home/evas/Robopoint_Humble/install/image_projector/lib/python3.10/site-packages/image_projector
[2.021s] copying /home/evas/Robopoint_Humble/build/image_projector/build/lib/image_projector/image_projector.py -> /home/evas/Robopoint_Humble/install/image_projector/lib/python3.10/site-packages/image_projector
[2.021s] copying /home/evas/Robopoint_Humble/build/image_projector/build/lib/image_projector/__init__.py -> /home/evas/Robopoint_Humble/install/image_projector/lib/python3.10/site-packages/image_projector
[2.021s] byte-compiling /home/evas/Robopoint_Humble/install/image_projector/lib/python3.10/site-packages/image_projector/realsense_projector.py to realsense_projector.cpython-310.pyc
[2.023s] byte-compiling /home/evas/Robopoint_Humble/install/image_projector/lib/python3.10/site-packages/image_projector/image_projector.py to image_projector.cpython-310.pyc
[2.024s] byte-compiling /home/evas/Robopoint_Humble/install/image_projector/lib/python3.10/site-packages/image_projector/__init__.py to __init__.cpython-310.pyc
[2.024s] running install_data
[2.025s] creating /home/evas/Robopoint_Humble/install/image_projector/share/ament_index
[2.025s] creating /home/evas/Robopoint_Humble/install/image_projector/share/ament_index/resource_index
[2.025s] creating /home/evas/Robopoint_Humble/install/image_projector/share/ament_index/resource_index/packages
[2.025s] copying resource/image_projector -> /home/evas/Robopoint_Humble/install/image_projector/share/ament_index/resource_index/packages
[2.025s] running install_egg_info
[2.027s] Copying ../../build/image_projector/image_projector.egg-info to /home/evas/Robopoint_Humble/install/image_projector/lib/python3.10/site-packages/image_projector-0.0.0-py3.10.egg-info
[2.028s] running install_scripts
[2.061s] Installing image_projector script to /home/evas/Robopoint_Humble/install/image_projector/lib/image_projector
[2.061s] Installing realsense_projector script to /home/evas/Robopoint_Humble/install/image_projector/lib/image_projector
[2.062s] writing list of installed files to '/home/evas/Robopoint_Humble/build/image_projector/install.log'
[2.108s] Invoked command in '/home/evas/Robopoint_Humble/src/image_projector' returned '0': PYTHONPATH=/home/evas/Robopoint_Humble/build/image_projector/prefix_override:/usr/lib/python3/dist-packages/colcon_core/task/python/colcon_distutils_commands:/home/evas/Robopoint_Humble/install/image_projector/lib/python3.10/site-packages:${PYTHONPATH} /usr/bin/python3 -W ignore:setup.py install is deprecated -W ignore:easy_install command is deprecated setup.py egg_info --egg-base ../../build/image_projector build --build-base /home/evas/Robopoint_Humble/build/image_projector/build install --record /home/evas/Robopoint_Humble/build/image_projector/install.log --single-version-externally-managed install_data
