running egg_info
creating ../../../../build/interbotix_perception_modules/interbotix_perception_modules.egg-info
writing ../../../../build/interbotix_perception_modules/interbotix_perception_modules.egg-info/PKG-INFO
writing dependency_links to ../../../../build/interbotix_perception_modules/interbotix_perception_modules.egg-info/dependency_links.txt
writing entry points to ../../../../build/interbotix_perception_modules/interbotix_perception_modules.egg-info/entry_points.txt
writing requirements to ../../../../build/interbotix_perception_modules/interbotix_perception_modules.egg-info/requires.txt
writing top-level names to ../../../../build/interbotix_perception_modules/interbotix_perception_modules.egg-info/top_level.txt
writing manifest file '../../../../build/interbotix_perception_modules/interbotix_perception_modules.egg-info/SOURCES.txt'
reading manifest file '../../../../build/interbotix_perception_modules/interbotix_perception_modules.egg-info/SOURCES.txt'
writing manifest file '../../../../build/interbotix_perception_modules/interbotix_perception_modules.egg-info/SOURCES.txt'
running build
running build_py
creating /home/evas/Robopoint_Humble/build/interbotix_perception_modules/build
creating /home/evas/Robopoint_Humble/build/interbotix_perception_modules/build/lib
creating /home/evas/Robopoint_Humble/build/interbotix_perception_modules/build/lib/interbotix_perception_modules
copying interbotix_perception_modules/pointcloud.py -> /home/evas/Robopoint_Humble/build/interbotix_perception_modules/build/lib/interbotix_perception_modules
copying interbotix_perception_modules/pointcloud_tuner_gui.py -> /home/evas/Robopoint_Humble/build/interbotix_perception_modules/build/lib/interbotix_perception_modules
copying interbotix_perception_modules/armtag_tuner_gui.py -> /home/evas/Robopoint_Humble/build/interbotix_perception_modules/build/lib/interbotix_perception_modules
copying interbotix_perception_modules/armtag.py -> /home/evas/Robopoint_Humble/build/interbotix_perception_modules/build/lib/interbotix_perception_modules
copying interbotix_perception_modules/apriltag.py -> /home/evas/Robopoint_Humble/build/interbotix_perception_modules/build/lib/interbotix_perception_modules
copying interbotix_perception_modules/picture_snapper.py -> /home/evas/Robopoint_Humble/build/interbotix_perception_modules/build/lib/interbotix_perception_modules
copying interbotix_perception_modules/__init__.py -> /home/evas/Robopoint_Humble/build/interbotix_perception_modules/build/lib/interbotix_perception_modules
running install
running install_lib
creating /home/evas/Robopoint_Humble/install/interbotix_perception_modules/lib/python3.10/site-packages/interbotix_perception_modules
copying /home/evas/Robopoint_Humble/build/interbotix_perception_modules/build/lib/interbotix_perception_modules/pointcloud.py -> /home/evas/Robopoint_Humble/install/interbotix_perception_modules/lib/python3.10/site-packages/interbotix_perception_modules
copying /home/evas/Robopoint_Humble/build/interbotix_perception_modules/build/lib/interbotix_perception_modules/pointcloud_tuner_gui.py -> /home/evas/Robopoint_Humble/install/interbotix_perception_modules/lib/python3.10/site-packages/interbotix_perception_modules
copying /home/evas/Robopoint_Humble/build/interbotix_perception_modules/build/lib/interbotix_perception_modules/armtag_tuner_gui.py -> /home/evas/Robopoint_Humble/install/interbotix_perception_modules/lib/python3.10/site-packages/interbotix_perception_modules
copying /home/evas/Robopoint_Humble/build/interbotix_perception_modules/build/lib/interbotix_perception_modules/armtag.py -> /home/evas/Robopoint_Humble/install/interbotix_perception_modules/lib/python3.10/site-packages/interbotix_perception_modules
copying /home/evas/Robopoint_Humble/build/interbotix_perception_modules/build/lib/interbotix_perception_modules/apriltag.py -> /home/evas/Robopoint_Humble/install/interbotix_perception_modules/lib/python3.10/site-packages/interbotix_perception_modules
copying /home/evas/Robopoint_Humble/build/interbotix_perception_modules/build/lib/interbotix_perception_modules/picture_snapper.py -> /home/evas/Robopoint_Humble/install/interbotix_perception_modules/lib/python3.10/site-packages/interbotix_perception_modules
copying /home/evas/Robopoint_Humble/build/interbotix_perception_modules/build/lib/interbotix_perception_modules/__init__.py -> /home/evas/Robopoint_Humble/install/interbotix_perception_modules/lib/python3.10/site-packages/interbotix_perception_modules
byte-compiling /home/evas/Robopoint_Humble/install/interbotix_perception_modules/lib/python3.10/site-packages/interbotix_perception_modules/pointcloud.py to pointcloud.cpython-310.pyc
byte-compiling /home/evas/Robopoint_Humble/install/interbotix_perception_modules/lib/python3.10/site-packages/interbotix_perception_modules/pointcloud_tuner_gui.py to pointcloud_tuner_gui.cpython-310.pyc
byte-compiling /home/evas/Robopoint_Humble/install/interbotix_perception_modules/lib/python3.10/site-packages/interbotix_perception_modules/armtag_tuner_gui.py to armtag_tuner_gui.cpython-310.pyc
byte-compiling /home/evas/Robopoint_Humble/install/interbotix_perception_modules/lib/python3.10/site-packages/interbotix_perception_modules/armtag.py to armtag.cpython-310.pyc
byte-compiling /home/evas/Robopoint_Humble/install/interbotix_perception_modules/lib/python3.10/site-packages/interbotix_perception_modules/apriltag.py to apriltag.cpython-310.pyc
byte-compiling /home/evas/Robopoint_Humble/install/interbotix_perception_modules/lib/python3.10/site-packages/interbotix_perception_modules/picture_snapper.py to picture_snapper.cpython-310.pyc
byte-compiling /home/evas/Robopoint_Humble/install/interbotix_perception_modules/lib/python3.10/site-packages/interbotix_perception_modules/__init__.py to __init__.cpython-310.pyc
running install_data
creating /home/evas/Robopoint_Humble/install/interbotix_perception_modules/share/ament_index
creating /home/evas/Robopoint_Humble/install/interbotix_perception_modules/share/ament_index/resource_index
creating /home/evas/Robopoint_Humble/install/interbotix_perception_modules/share/ament_index/resource_index/packages
copying resource/interbotix_perception_modules -> /home/evas/Robopoint_Humble/install/interbotix_perception_modules/share/ament_index/resource_index/packages
copying package.xml -> /home/evas/Robopoint_Humble/install/interbotix_perception_modules/share/interbotix_perception_modules
creating /home/evas/Robopoint_Humble/install/interbotix_perception_modules/share/interbotix_perception_modules/launch
copying launch/armtag.launch.py -> /home/evas/Robopoint_Humble/install/interbotix_perception_modules/share/interbotix_perception_modules/launch
copying launch/apriltag.launch.py -> /home/evas/Robopoint_Humble/install/interbotix_perception_modules/share/interbotix_perception_modules/launch
copying launch/pc_filter.launch.py -> /home/evas/Robopoint_Humble/install/interbotix_perception_modules/share/interbotix_perception_modules/launch
copying launch/picture_snapper.launch.py -> /home/evas/Robopoint_Humble/install/interbotix_perception_modules/share/interbotix_perception_modules/launch
creating /home/evas/Robopoint_Humble/install/interbotix_perception_modules/share/interbotix_perception_modules/config
copying config/tags.yaml -> /home/evas/Robopoint_Humble/install/interbotix_perception_modules/share/interbotix_perception_modules/config
copying config/filter_params.yaml -> /home/evas/Robopoint_Humble/install/interbotix_perception_modules/share/interbotix_perception_modules/config
creating /home/evas/Robopoint_Humble/install/interbotix_perception_modules/share/interbotix_perception_modules/ui
copying src/ui/pointcloudtunergui.ui -> /home/evas/Robopoint_Humble/install/interbotix_perception_modules/share/interbotix_perception_modules/ui
copying src/ui/armtagtunergui.ui -> /home/evas/Robopoint_Humble/install/interbotix_perception_modules/share/interbotix_perception_modules/ui
running install_egg_info
Copying ../../../../build/interbotix_perception_modules/interbotix_perception_modules.egg-info to /home/evas/Robopoint_Humble/install/interbotix_perception_modules/lib/python3.10/site-packages/interbotix_perception_modules-0.0.0-py3.10.egg-info
running install_scripts
Installing armtag_tuner_gui script to /home/evas/Robopoint_Humble/install/interbotix_perception_modules/lib/interbotix_perception_modules
Installing picture_snapper script to /home/evas/Robopoint_Humble/install/interbotix_perception_modules/lib/interbotix_perception_modules
Installing pointcloud_tuner_gui script to /home/evas/Robopoint_Humble/install/interbotix_perception_modules/lib/interbotix_perception_modules
writing list of installed files to '/home/evas/Robopoint_Humble/build/interbotix_perception_modules/install.log'
