running egg_info
writing ../../build/image_projector/image_projector.egg-info/PKG-INFO
writing dependency_links to ../../build/image_projector/image_projector.egg-info/dependency_links.txt
writing entry points to ../../build/image_projector/image_projector.egg-info/entry_points.txt
writing requirements to ../../build/image_projector/image_projector.egg-info/requires.txt
writing top-level names to ../../build/image_projector/image_projector.egg-info/top_level.txt
reading manifest file '../../build/image_projector/image_projector.egg-info/SOURCES.txt'
writing manifest file '../../build/image_projector/image_projector.egg-info/SOURCES.txt'
running build
running build_py
copying image_projector/image_projector.py -> /home/evas/Robopoint_Humble/build/image_projector/build/lib/image_projector
running install
running install_lib
copying /home/evas/Robopoint_Humble/build/image_projector/build/lib/image_projector/image_projector.py -> /home/evas/Robopoint_Humble/install/image_projector/lib/python3.10/site-packages/image_projector
byte-compiling /home/evas/Robopoint_Humble/install/image_projector/lib/python3.10/site-packages/image_projector/image_projector.py to image_projector.cpython-310.pyc
running install_data
running install_egg_info
removing '/home/evas/Robopoint_Humble/install/image_projector/lib/python3.10/site-packages/image_projector-0.0.0-py3.10.egg-info' (and everything under it)
Copying ../../build/image_projector/image_projector.egg-info to /home/evas/Robopoint_Humble/install/image_projector/lib/python3.10/site-packages/image_projector-0.0.0-py3.10.egg-info
running install_scripts
Installing image_projector script to /home/evas/Robopoint_Humble/install/image_projector/lib/image_projector
Installing realsense_projector script to /home/evas/Robopoint_Humble/install/image_projector/lib/image_projector
writing list of installed files to '/home/evas/Robopoint_Humble/build/image_projector/install.log'
