[0.545s] Invoking command in '/home/evas/Robopoint_Humble/src/interbotix_ros_toolboxes/interbotix_perception_toolbox/interbotix_perception_modules': AMENT_PREFIX_PATH=/home/evas/Robopoint_Humble/install/interbotix_perception_pipelines:/home/evas/Robopoint_Humble/install/interbotix_xs_msgs:/home/evas/Robopoint_Humble/install/interbotix_perception_msgs:/home/evas/Robopoint_Humble/install/interbotix_common_modules:${AMENT_PREFIX_PATH} CMAKE_PREFIX_PATH=/home/evas/Robopoint_Humble/install/interbotix_perception_pipelines:/home/evas/Robopoint_Humble/install/interbotix_xs_msgs:/home/evas/Robopoint_Humble/install/interbotix_perception_msgs:${CMAKE_PREFIX_PATH} LD_LIBRARY_PATH=/home/evas/Robopoint_Humble/install/interbotix_xs_msgs/lib:/home/evas/Robopoint_Humble/install/interbotix_perception_msgs/lib:${LD_LIBRARY_PATH} PYTHONPATH=/home/evas/Robopoint_Humble/build/interbotix_perception_modules/prefix_override:/usr/lib/python3/dist-packages/colcon_core/task/python/colcon_distutils_commands:/home/evas/Robopoint_Humble/install/interbotix_perception_modules/lib/python3.10/site-packages:/home/evas/Robopoint_Humble/install/interbotix_xs_msgs/local/lib/python3.10/dist-packages:/home/evas/Robopoint_Humble/install/interbotix_perception_msgs/local/lib/python3.10/dist-packages:/home/evas/Robopoint_Humble/install/interbotix_common_modules/lib/python3.10/site-packages:${PYTHONPATH} /usr/bin/python3 -W ignore:setup.py install is deprecated -W ignore:easy_install command is deprecated setup.py egg_info --egg-base ../../../../build/interbotix_perception_modules build --build-base /home/evas/Robopoint_Humble/build/interbotix_perception_modules/build install --record /home/evas/Robopoint_Humble/build/interbotix_perception_modules/install.log --single-version-externally-managed install_data
[0.737s] running egg_info
[0.738s] creating ../../../../build/interbotix_perception_modules/interbotix_perception_modules.egg-info
[0.738s] writing ../../../../build/interbotix_perception_modules/interbotix_perception_modules.egg-info/PKG-INFO
[0.738s] writing dependency_links to ../../../../build/interbotix_perception_modules/interbotix_perception_modules.egg-info/dependency_links.txt
[0.738s] writing entry points to ../../../../build/interbotix_perception_modules/interbotix_perception_modules.egg-info/entry_points.txt
[0.738s] writing requirements to ../../../../build/interbotix_perception_modules/interbotix_perception_modules.egg-info/requires.txt
[0.738s] writing top-level names to ../../../../build/interbotix_perception_modules/interbotix_perception_modules.egg-info/top_level.txt
[0.738s] writing manifest file '../../../../build/interbotix_perception_modules/interbotix_perception_modules.egg-info/SOURCES.txt'
[0.739s] reading manifest file '../../../../build/interbotix_perception_modules/interbotix_perception_modules.egg-info/SOURCES.txt'
[0.740s] writing manifest file '../../../../build/interbotix_perception_modules/interbotix_perception_modules.egg-info/SOURCES.txt'
[0.740s] running build
[0.740s] running build_py
[0.740s] creating /home/evas/Robopoint_Humble/build/interbotix_perception_modules/build
[0.740s] creating /home/evas/Robopoint_Humble/build/interbotix_perception_modules/build/lib
[0.740s] creating /home/evas/Robopoint_Humble/build/interbotix_perception_modules/build/lib/interbotix_perception_modules
[0.740s] copying interbotix_perception_modules/pointcloud.py -> /home/evas/Robopoint_Humble/build/interbotix_perception_modules/build/lib/interbotix_perception_modules
[0.741s] copying interbotix_perception_modules/pointcloud_tuner_gui.py -> /home/evas/Robopoint_Humble/build/interbotix_perception_modules/build/lib/interbotix_perception_modules
[0.741s] copying interbotix_perception_modules/armtag_tuner_gui.py -> /home/evas/Robopoint_Humble/build/interbotix_perception_modules/build/lib/interbotix_perception_modules
[0.741s] copying interbotix_perception_modules/armtag.py -> /home/evas/Robopoint_Humble/build/interbotix_perception_modules/build/lib/interbotix_perception_modules
[0.741s] copying interbotix_perception_modules/apriltag.py -> /home/evas/Robopoint_Humble/build/interbotix_perception_modules/build/lib/interbotix_perception_modules
[0.741s] copying interbotix_perception_modules/picture_snapper.py -> /home/evas/Robopoint_Humble/build/interbotix_perception_modules/build/lib/interbotix_perception_modules
[0.741s] copying interbotix_perception_modules/__init__.py -> /home/evas/Robopoint_Humble/build/interbotix_perception_modules/build/lib/interbotix_perception_modules
[0.741s] running install
[0.741s] running install_lib
[0.742s] creating /home/evas/Robopoint_Humble/install/interbotix_perception_modules/lib/python3.10/site-packages/interbotix_perception_modules
[0.742s] copying /home/evas/Robopoint_Humble/build/interbotix_perception_modules/build/lib/interbotix_perception_modules/pointcloud.py -> /home/evas/Robopoint_Humble/install/interbotix_perception_modules/lib/python3.10/site-packages/interbotix_perception_modules
[0.742s] copying /home/evas/Robopoint_Humble/build/interbotix_perception_modules/build/lib/interbotix_perception_modules/pointcloud_tuner_gui.py -> /home/evas/Robopoint_Humble/install/interbotix_perception_modules/lib/python3.10/site-packages/interbotix_perception_modules
[0.742s] copying /home/evas/Robopoint_Humble/build/interbotix_perception_modules/build/lib/interbotix_perception_modules/armtag_tuner_gui.py -> /home/evas/Robopoint_Humble/install/interbotix_perception_modules/lib/python3.10/site-packages/interbotix_perception_modules
[0.742s] copying /home/evas/Robopoint_Humble/build/interbotix_perception_modules/build/lib/interbotix_perception_modules/armtag.py -> /home/evas/Robopoint_Humble/install/interbotix_perception_modules/lib/python3.10/site-packages/interbotix_perception_modules
[0.742s] copying /home/evas/Robopoint_Humble/build/interbotix_perception_modules/build/lib/interbotix_perception_modules/apriltag.py -> /home/evas/Robopoint_Humble/install/interbotix_perception_modules/lib/python3.10/site-packages/interbotix_perception_modules
[0.742s] copying /home/evas/Robopoint_Humble/build/interbotix_perception_modules/build/lib/interbotix_perception_modules/picture_snapper.py -> /home/evas/Robopoint_Humble/install/interbotix_perception_modules/lib/python3.10/site-packages/interbotix_perception_modules
[0.742s] copying /home/evas/Robopoint_Humble/build/interbotix_perception_modules/build/lib/interbotix_perception_modules/__init__.py -> /home/evas/Robopoint_Humble/install/interbotix_perception_modules/lib/python3.10/site-packages/interbotix_perception_modules
[0.743s] byte-compiling /home/evas/Robopoint_Humble/install/interbotix_perception_modules/lib/python3.10/site-packages/interbotix_perception_modules/pointcloud.py to pointcloud.cpython-310.pyc
[0.745s] byte-compiling /home/evas/Robopoint_Humble/install/interbotix_perception_modules/lib/python3.10/site-packages/interbotix_perception_modules/pointcloud_tuner_gui.py to pointcloud_tuner_gui.cpython-310.pyc
[0.747s] byte-compiling /home/evas/Robopoint_Humble/install/interbotix_perception_modules/lib/python3.10/site-packages/interbotix_perception_modules/armtag_tuner_gui.py to armtag_tuner_gui.cpython-310.pyc
[0.747s] byte-compiling /home/evas/Robopoint_Humble/install/interbotix_perception_modules/lib/python3.10/site-packages/interbotix_perception_modules/armtag.py to armtag.cpython-310.pyc
[0.748s] byte-compiling /home/evas/Robopoint_Humble/install/interbotix_perception_modules/lib/python3.10/site-packages/interbotix_perception_modules/apriltag.py to apriltag.cpython-310.pyc
[0.749s] byte-compiling /home/evas/Robopoint_Humble/install/interbotix_perception_modules/lib/python3.10/site-packages/interbotix_perception_modules/picture_snapper.py to picture_snapper.cpython-310.pyc
[0.749s] byte-compiling /home/evas/Robopoint_Humble/install/interbotix_perception_modules/lib/python3.10/site-packages/interbotix_perception_modules/__init__.py to __init__.cpython-310.pyc
[0.749s] running install_data
[0.749s] creating /home/evas/Robopoint_Humble/install/interbotix_perception_modules/share/ament_index
[0.749s] creating /home/evas/Robopoint_Humble/install/interbotix_perception_modules/share/ament_index/resource_index
[0.749s] creating /home/evas/Robopoint_Humble/install/interbotix_perception_modules/share/ament_index/resource_index/packages
[0.749s] copying resource/interbotix_perception_modules -> /home/evas/Robopoint_Humble/install/interbotix_perception_modules/share/ament_index/resource_index/packages
[0.749s] copying package.xml -> /home/evas/Robopoint_Humble/install/interbotix_perception_modules/share/interbotix_perception_modules
[0.750s] creating /home/evas/Robopoint_Humble/install/interbotix_perception_modules/share/interbotix_perception_modules/launch
[0.750s] copying launch/armtag.launch.py -> /home/evas/Robopoint_Humble/install/interbotix_perception_modules/share/interbotix_perception_modules/launch
[0.750s] copying launch/apriltag.launch.py -> /home/evas/Robopoint_Humble/install/interbotix_perception_modules/share/interbotix_perception_modules/launch
[0.750s] copying launch/pc_filter.launch.py -> /home/evas/Robopoint_Humble/install/interbotix_perception_modules/share/interbotix_perception_modules/launch
[0.750s] copying launch/picture_snapper.launch.py -> /home/evas/Robopoint_Humble/install/interbotix_perception_modules/share/interbotix_perception_modules/launch
[0.750s] creating /home/evas/Robopoint_Humble/install/interbotix_perception_modules/share/interbotix_perception_modules/config
[0.750s] copying config/tags.yaml -> /home/evas/Robopoint_Humble/install/interbotix_perception_modules/share/interbotix_perception_modules/config
[0.750s] copying config/filter_params.yaml -> /home/evas/Robopoint_Humble/install/interbotix_perception_modules/share/interbotix_perception_modules/config
[0.750s] creating /home/evas/Robopoint_Humble/install/interbotix_perception_modules/share/interbotix_perception_modules/ui
[0.750s] copying src/ui/pointcloudtunergui.ui -> /home/evas/Robopoint_Humble/install/interbotix_perception_modules/share/interbotix_perception_modules/ui
[0.750s] copying src/ui/armtagtunergui.ui -> /home/evas/Robopoint_Humble/install/interbotix_perception_modules/share/interbotix_perception_modules/ui
[0.750s] running install_egg_info
[0.751s] Copying ../../../../build/interbotix_perception_modules/interbotix_perception_modules.egg-info to /home/evas/Robopoint_Humble/install/interbotix_perception_modules/lib/python3.10/site-packages/interbotix_perception_modules-0.0.0-py3.10.egg-info
[0.752s] running install_scripts
[0.767s] Installing armtag_tuner_gui script to /home/evas/Robopoint_Humble/install/interbotix_perception_modules/lib/interbotix_perception_modules
[0.767s] Installing picture_snapper script to /home/evas/Robopoint_Humble/install/interbotix_perception_modules/lib/interbotix_perception_modules
[0.767s] Installing pointcloud_tuner_gui script to /home/evas/Robopoint_Humble/install/interbotix_perception_modules/lib/interbotix_perception_modules
[0.767s] writing list of installed files to '/home/evas/Robopoint_Humble/build/interbotix_perception_modules/install.log'
[0.787s] Invoked command in '/home/evas/Robopoint_Humble/src/interbotix_ros_toolboxes/interbotix_perception_toolbox/interbotix_perception_modules' returned '0': AMENT_PREFIX_PATH=/home/evas/Robopoint_Humble/install/interbotix_perception_pipelines:/home/evas/Robopoint_Humble/install/interbotix_xs_msgs:/home/evas/Robopoint_Humble/install/interbotix_perception_msgs:/home/evas/Robopoint_Humble/install/interbotix_common_modules:${AMENT_PREFIX_PATH} CMAKE_PREFIX_PATH=/home/evas/Robopoint_Humble/install/interbotix_perception_pipelines:/home/evas/Robopoint_Humble/install/interbotix_xs_msgs:/home/evas/Robopoint_Humble/install/interbotix_perception_msgs:${CMAKE_PREFIX_PATH} LD_LIBRARY_PATH=/home/evas/Robopoint_Humble/install/interbotix_xs_msgs/lib:/home/evas/Robopoint_Humble/install/interbotix_perception_msgs/lib:${LD_LIBRARY_PATH} PYTHONPATH=/home/evas/Robopoint_Humble/build/interbotix_perception_modules/prefix_override:/usr/lib/python3/dist-packages/colcon_core/task/python/colcon_distutils_commands:/home/evas/Robopoint_Humble/install/interbotix_perception_modules/lib/python3.10/site-packages:/home/evas/Robopoint_Humble/install/interbotix_xs_msgs/local/lib/python3.10/dist-packages:/home/evas/Robopoint_Humble/install/interbotix_perception_msgs/local/lib/python3.10/dist-packages:/home/evas/Robopoint_Humble/install/interbotix_common_modules/lib/python3.10/site-packages:${PYTHONPATH} /usr/bin/python3 -W ignore:setup.py install is deprecated -W ignore:easy_install command is deprecated setup.py egg_info --egg-base ../../../../build/interbotix_perception_modules build --build-base /home/evas/Robopoint_Humble/build/interbotix_perception_modules/build install --record /home/evas/Robopoint_Humble/build/interbotix_perception_modules/install.log --single-version-externally-managed install_data
